{"/Users/peculiarerhisohwode/Desktop/Enyata/Team Jupyter - Project/project-backend-generator/src/bin/www.js":{"path":"/Users/peculiarerhisohwode/Desktop/Enyata/Team Jupyter - Project/project-backend-generator/src/bin/www.js","statementMap":{"0":{"start":{"line":4,"column":29},"end":{"line":4,"column":84}},"1":{"start":{"line":6,"column":0},"end":{"line":8,"column":3}},"2":{"start":{"line":9,"column":0},"end":{"line":9,"column":28}},"3":{"start":{"line":11,"column":0},"end":{"line":11,"column":26}},"4":{"start":{"line":13,"column":0},"end":{"line":13,"column":39}},"5":{"start":{"line":15,"column":11},"end":{"line":15,"column":52}},"6":{"start":{"line":17,"column":12},"end":{"line":17,"column":51}},"7":{"start":{"line":19,"column":13},"end":{"line":19,"column":62}},"8":{"start":{"line":28,"column":20},"end":{"line":42,"column":1}},"9":{"start":{"line":29,"column":13},"end":{"line":29,"column":30}},"10":{"start":{"line":31,"column":2},"end":{"line":34,"column":3}},"11":{"start":{"line":33,"column":4},"end":{"line":33,"column":15}},"12":{"start":{"line":36,"column":2},"end":{"line":39,"column":3}},"13":{"start":{"line":38,"column":4},"end":{"line":38,"column":16}},"14":{"start":{"line":41,"column":2},"end":{"line":41,"column":15}},"15":{"start":{"line":48,"column":11},"end":{"line":48,"column":52}},"16":{"start":{"line":50,"column":0},"end":{"line":50,"column":34}},"17":{"start":{"line":56,"column":13},"end":{"line":56,"column":59}},"18":{"start":{"line":62,"column":14},"end":{"line":83,"column":1}},"19":{"start":{"line":63,"column":2},"end":{"line":65,"column":3}},"20":{"start":{"line":64,"column":4},"end":{"line":64,"column":16}},"21":{"start":{"line":67,"column":13},"end":{"line":67,"column":83}},"22":{"start":{"line":69,"column":2},"end":{"line":82,"column":3}},"23":{"start":{"line":71,"column":6},"end":{"line":71,"column":70}},"24":{"start":{"line":72,"column":6},"end":{"line":72,"column":22}},"25":{"start":{"line":73,"column":6},"end":{"line":73,"column":12}},"26":{"start":{"line":76,"column":6},"end":{"line":76,"column":59}},"27":{"start":{"line":77,"column":6},"end":{"line":77,"column":22}},"28":{"start":{"line":78,"column":6},"end":{"line":78,"column":12}},"29":{"start":{"line":81,"column":6},"end":{"line":81,"column":18}},"30":{"start":{"line":89,"column":18},"end":{"line":97,"column":1}},"31":{"start":{"line":90,"column":13},"end":{"line":90,"column":29}},"32":{"start":{"line":91,"column":13},"end":{"line":91,"column":88}},"33":{"start":{"line":92,"column":2},"end":{"line":92,"column":44}},"34":{"start":{"line":94,"column":2},"end":{"line":96,"column":5}},"35":{"start":{"line":95,"column":4},"end":{"line":95,"column":50}},"36":{"start":{"line":103,"column":0},"end":{"line":103,"column":20}},"37":{"start":{"line":104,"column":0},"end":{"line":104,"column":28}},"38":{"start":{"line":105,"column":0},"end":{"line":105,"column":36}},"39":{"start":{"line":106,"column":15},"end":{"line":106,"column":21}},"40":{"start":{"line":109,"column":0},"end":{"line":109,"column":30}}},"fnMap":{"0":{"name":"normalizePort","decl":{"start":{"line":28,"column":29},"end":{"line":28,"column":42}},"loc":{"start":{"line":28,"column":48},"end":{"line":42,"column":1}},"line":28},"1":{"name":"onError","decl":{"start":{"line":62,"column":23},"end":{"line":62,"column":30}},"loc":{"start":{"line":62,"column":38},"end":{"line":83,"column":1}},"line":62},"2":{"name":"onListening","decl":{"start":{"line":89,"column":27},"end":{"line":89,"column":38}},"loc":{"start":{"line":89,"column":41},"end":{"line":97,"column":1}},"line":89},"3":{"name":"(anonymous_3)","decl":{"start":{"line":94,"column":80},"end":{"line":94,"column":81}},"loc":{"start":{"line":94,"column":97},"end":{"line":96,"column":3}},"line":94}},"branchMap":{"0":{"loc":{"start":{"line":31,"column":2},"end":{"line":34,"column":3}},"type":"if","locations":[{"start":{"line":31,"column":2},"end":{"line":34,"column":3}},{"start":{"line":31,"column":2},"end":{"line":34,"column":3}}],"line":31},"1":{"loc":{"start":{"line":36,"column":2},"end":{"line":39,"column":3}},"type":"if","locations":[{"start":{"line":36,"column":2},"end":{"line":39,"column":3}},{"start":{"line":36,"column":2},"end":{"line":39,"column":3}}],"line":36},"2":{"loc":{"start":{"line":48,"column":25},"end":{"line":48,"column":51}},"type":"binary-expr","locations":[{"start":{"line":48,"column":25},"end":{"line":48,"column":41}},{"start":{"line":48,"column":45},"end":{"line":48,"column":51}}],"line":48},"3":{"loc":{"start":{"line":63,"column":2},"end":{"line":65,"column":3}},"type":"if","locations":[{"start":{"line":63,"column":2},"end":{"line":65,"column":3}},{"start":{"line":63,"column":2},"end":{"line":65,"column":3}}],"line":63},"4":{"loc":{"start":{"line":67,"column":13},"end":{"line":67,"column":83}},"type":"cond-expr","locations":[{"start":{"line":67,"column":40},"end":{"line":67,"column":60}},{"start":{"line":67,"column":63},"end":{"line":67,"column":83}}],"line":67},"5":{"loc":{"start":{"line":69,"column":2},"end":{"line":82,"column":3}},"type":"switch","locations":[{"start":{"line":70,"column":4},"end":{"line":73,"column":12}},{"start":{"line":75,"column":4},"end":{"line":78,"column":12}},{"start":{"line":80,"column":4},"end":{"line":81,"column":18}}],"line":69},"6":{"loc":{"start":{"line":91,"column":13},"end":{"line":91,"column":88}},"type":"cond-expr","locations":[{"start":{"line":91,"column":40},"end":{"line":91,"column":60}},{"start":{"line":91,"column":63},"end":{"line":91,"column":88}}],"line":91},"7":{"loc":{"start":{"line":95,"column":26},"end":{"line":95,"column":48}},"type":"binary-expr","locations":[{"start":{"line":95,"column":26},"end":{"line":95,"column":39}},{"start":{"line":95,"column":43},"end":{"line":95,"column":48}}],"line":95}},"s":{"0":1,"1":1,"2":1,"3":1,"4":1,"5":1,"6":1,"7":1,"8":1,"9":1,"10":1,"11":0,"12":1,"13":1,"14":0,"15":1,"16":1,"17":1,"18":1,"19":0,"20":0,"21":0,"22":0,"23":0,"24":0,"25":0,"26":0,"27":0,"28":0,"29":0,"30":1,"31":1,"32":1,"33":1,"34":1,"35":0,"36":1,"37":1,"38":1,"39":1,"40":1},"f":{"0":1,"1":0,"2":1,"3":0},"b":{"0":[0,1],"1":[1,0],"2":[1,1],"3":[0,0],"4":[0,0],"5":[0,0,0],"6":[0,1],"7":[0,0]},"inputSourceMap":{"version":3,"sources":["www.js"],"names":["normalizePort","val","port","parseInt","isNaN","process","env","PORT","app","set","server","http","createServer","onError","error","syscall","bind","code","console","exit","onListening","addr","address","log","db","connect","then","message","listen","on"],"mappings":"AAAA;;;;;;;;;;AACA;;AACA;;AAMA;;AACA;;AACA;;AANA;AACA;AACA;;AAMA;AACA;AACA;AAEC,IAAMA,aAAa,GAAG,SAAhBA,aAAgB,CAACC,GAAD,EAAS;AAC9B,MAAMC,IAAI,GAAGC,QAAQ,CAACF,GAAD,EAAM,EAAN,CAArB,CAD8B,CAG9B;;AACA,MAAIG,KAAK,CAACF,IAAD,CAAT,EAAiB;AACf;AACA,WAAOD,GAAP;AACD;;AAED,MAAIC,IAAI,IAAI,CAAZ,EAAe;AACb;AACA,WAAOA,IAAP;AACD;;AAED,SAAO,KAAP;AACD,CAfA;AAiBD;AACA;AACA;;;AAEA,IAAMA,IAAI,GAAGF,aAAa,CAACK,OAAO,CAACC,GAAR,CAAYC,IAAZ,IAAoB,MAArB,CAA1B;;AACAC,gBAAIC,GAAJ,CAAQ,MAAR,EAAgBP,IAAhB;AAEA;AACA;AACA;;;AAEA,IAAMQ,MAAM,GAAGC,iBAAKC,YAAL,CAAkBJ,eAAlB,CAAf;AAEA;AACA;AACA;;;AAEA,IAAMK,OAAO,GAAG,SAAVA,OAAU,CAACC,KAAD,EAAW;AACzB,MAAIA,KAAK,CAACC,OAAN,KAAkB,QAAtB,EAAgC;AAC9B,UAAMD,KAAN;AACD;;AAED,MAAME,IAAI,GAAG,OAAOd,IAAP,KAAgB,QAAhB,kBACDA,IADC,mBAEDA,IAFC,CAAb,CALyB,CASzB;;AACA,UAAQY,KAAK,CAACG,IAAd;AACE,SAAK,QAAL;AACEC,MAAAA,OAAO,CAACJ,KAAR,WAAiBE,IAAjB;AACAX,MAAAA,OAAO,CAACc,IAAR,CAAa,CAAb;AACA;;AACF,SAAK,YAAL;AACED,MAAAA,OAAO,CAACJ,KAAR,WAAiBE,IAAjB;AACAX,MAAAA,OAAO,CAACc,IAAR,CAAa,CAAb;AACA;;AACF;AACE,YAAML,KAAN;AAVJ;AAYD,CAtBD;AAwBA;AACA;AACA;;;AAEA,IAAMM,WAAW,GAAG,SAAdA,WAAc,GAAM;AACxB,MAAMC,IAAI,GAAGX,MAAM,CAACY,OAAP,EAAb;AACA,MAAMN,IAAI,GAAG,OAAOK,IAAP,KAAgB,QAAhB,kBACDA,IADC,mBAEDA,IAAI,CAACnB,IAFJ,CAAb;AAGAgB,EAAAA,OAAO,CAACK,GAAR,wBAA4BP,IAA5B;;AACAQ,oBAAGC,OAAH,GACCC,IADD,CAEER,OAAO,CAACK,GAAR,CAAY,qBAAZ,CAFF,WAIO,UAAAT,KAAK,EAAI;AACZI,IAAAA,OAAO,CAACK,GAAR,CAAY,QAAZ,EAAsBT,KAAK,CAACa,OAAN,IAAiBb,KAAvC;AACH,GAND;AAOD,CAbD;AAeA;AACA;AACA;;;AAECJ,MAAM,CAACkB,MAAP,CAAc1B,IAAd;AACAQ,MAAM,CAACmB,EAAP,CAAU,OAAV,EAAmBhB,OAAnB;AACAH,MAAM,CAACmB,EAAP,CAAU,WAAV,EAAuBT,WAAvB;eAEeV,M;AAAQ","sourceRoot":"/Users/peculiarerhisohwode/Desktop/Enyata/Team Jupyter - Project/project-backend-generator/src/bin/","sourcesContent":["#!/usr/bin/env node\nimport 'core-js/stable';\nimport 'regenerator-runtime/runtime';\n\n/**\n * Module dependencies.\n */\n\nimport app from '../app';\nimport http from 'http';\nimport db from '../../db/setup';\n\n/**\n * Normalize a port into a number, string, or false.\n */\n\n const normalizePort = (val) => {\n  const port = parseInt(val, 10);\n\n  // if (Number.isNaN(port)) {\n  if (isNaN(port)) {\n    // named pipe\n    return val;\n  }\n\n  if (port >= 0) {\n    // port number\n    return port;\n  }\n\n  return false;\n}\n\n/**\n * Get port from environment and store in Express.\n */\n\nconst port = normalizePort(process.env.PORT || '3000');\napp.set('port', port);\n\n/**\n * Create HTTP server.\n */\n\nconst server = http.createServer(app);\n\n/**\n * Event listener for HTTP server \"error\" event.\n */\n\nconst onError = (error) => {\n  if (error.syscall !== 'listen') {\n    throw error;\n  }\n\n  const bind = typeof port === 'string'\n    ? `Pipe ${port}`\n    : `Port ${port}`\n\n  // handle specific listen errors with friendly messages\n  switch (error.code) {\n    case 'EACCES':\n      console.error(`${bind} requires elevated privileges`);\n      process.exit(1);\n      break;\n    case 'EADDRINUSE':\n      console.error(`${bind} is already in use`);\n      process.exit(1);\n      break;\n    default:\n      throw error;\n  }\n}\n\n/**\n * Event listener for HTTP server \"listening\" event.\n */\n\nconst onListening = () => {\n  const addr = server.address();\n  const bind = typeof addr === 'string'\n    ? `pipe ${addr}`\n    : `port ${addr.port}`;\n  console.log(`Listening on ${bind}`);\n  db.connect()\n  .then(\n    console.log('Connected to the db')\n  )\n  .catch(error => {\n      console.log('ERROR:', error.message || error);\n  });\n}\n\n/**\n * Listen on provided port, on all network interfaces.\n */\n\n server.listen(port);\n server.on('error', onError);\n server.on('listening', onListening);\n\n export default server; /* for testing purposes */"]},"_coverageSchema":"1a1c01bbd47fc00a2c39e90264f33305004495a9","hash":"993c2d475b8a727c85ded938f605a4d37fb08b0c","contentHash":"b8d58754c3fa812e6b9211ffb7ade336949fe6b70d11e41e83cc5052d2ee4788"},"/Users/peculiarerhisohwode/Desktop/Enyata/Team Jupyter - Project/project-backend-generator/src/app.js":{"path":"/Users/peculiarerhisohwode/Desktop/Enyata/Team Jupyter - Project/project-backend-generator/src/app.js","statementMap":{"0":{"start":{"line":3,"column":30},"end":{"line":3,"column":86}},"1":{"start":{"line":5,"column":29},"end":{"line":5,"column":84}},"2":{"start":{"line":7,"column":0},"end":{"line":9,"column":3}},"3":{"start":{"line":10,"column":0},"end":{"line":10,"column":28}},"4":{"start":{"line":12,"column":18},"end":{"line":12,"column":64}},"5":{"start":{"line":14,"column":15},"end":{"line":14,"column":58}},"6":{"start":{"line":16,"column":20},"end":{"line":16,"column":68}},"7":{"start":{"line":18,"column":14},"end":{"line":18,"column":55}},"8":{"start":{"line":20,"column":12},"end":{"line":20,"column":51}},"9":{"start":{"line":22,"column":14},"end":{"line":22,"column":57}},"10":{"start":{"line":26,"column":10},"end":{"line":26,"column":36}},"11":{"start":{"line":27,"column":0},"end":{"line":27,"column":40}},"12":{"start":{"line":28,"column":0},"end":{"line":28,"column":33}},"13":{"start":{"line":29,"column":0},"end":{"line":29,"column":30}},"14":{"start":{"line":30,"column":0},"end":{"line":32,"column":4}},"15":{"start":{"line":33,"column":0},"end":{"line":33,"column":41}},"16":{"start":{"line":34,"column":0},"end":{"line":38,"column":3}},"17":{"start":{"line":35,"column":2},"end":{"line":37,"column":5}},"18":{"start":{"line":41,"column":0},"end":{"line":41,"column":28}},"19":{"start":{"line":43,"column":0},"end":{"line":45,"column":3}},"20":{"start":{"line":44,"column":2},"end":{"line":44,"column":41}},"21":{"start":{"line":47,"column":0},"end":{"line":57,"column":3}},"22":{"start":{"line":49,"column":2},"end":{"line":49,"column":35}},"23":{"start":{"line":50,"column":2},"end":{"line":50,"column":69}},"24":{"start":{"line":52,"column":2},"end":{"line":52,"column":32}},"25":{"start":{"line":53,"column":2},"end":{"line":56,"column":5}},"26":{"start":{"line":58,"column":15},"end":{"line":58,"column":18}},"27":{"start":{"line":59,"column":0},"end":{"line":59,"column":30}}},"fnMap":{"0":{"name":"(anonymous_0)","decl":{"start":{"line":34,"column":13},"end":{"line":34,"column":14}},"loc":{"start":{"line":34,"column":33},"end":{"line":38,"column":1}},"line":34},"1":{"name":"(anonymous_1)","decl":{"start":{"line":43,"column":8},"end":{"line":43,"column":9}},"loc":{"start":{"line":43,"column":34},"end":{"line":45,"column":1}},"line":43},"2":{"name":"(anonymous_2)","decl":{"start":{"line":47,"column":8},"end":{"line":47,"column":9}},"loc":{"start":{"line":47,"column":39},"end":{"line":57,"column":1}},"line":47}},"branchMap":{"0":{"loc":{"start":{"line":50,"column":21},"end":{"line":50,"column":68}},"type":"cond-expr","locations":[{"start":{"line":50,"column":60},"end":{"line":50,"column":63}},{"start":{"line":50,"column":66},"end":{"line":50,"column":68}}],"line":50},"1":{"loc":{"start":{"line":52,"column":13},"end":{"line":52,"column":30}},"type":"binary-expr","locations":[{"start":{"line":52,"column":13},"end":{"line":52,"column":23}},{"start":{"line":52,"column":27},"end":{"line":52,"column":30}}],"line":52}},"s":{"0":1,"1":1,"2":1,"3":1,"4":1,"5":1,"6":1,"7":1,"8":1,"9":1,"10":1,"11":1,"12":1,"13":1,"14":1,"15":1,"16":1,"17":0,"18":1,"19":1,"20":0,"21":1,"22":0,"23":0,"24":0,"25":0,"26":1,"27":1},"f":{"0":0,"1":0,"2":0},"b":{"0":[0,0],"1":[0,0]},"inputSourceMap":{"version":3,"sources":["app.js"],"names":["app","use","extended","get","req","res","status","json","message","router","next","err","locals","error"],"mappings":";;;;;;;;;;;AAAA;;AACA;;AACA;;AACA;;AACA;;AAIA;;AAFA;AACA;AAEA,IAAMA,GAAG,GAAG,0BAAZ;AAEAA,GAAG,CAACC,GAAJ,CAAQ,wBAAO,KAAP,CAAR;AACAD,GAAG,CAACC,GAAJ,CAAQ,uBAAR;AACAD,GAAG,CAACC,GAAJ,CAAQ,oBAAR;AACAD,GAAG,CAACC,GAAJ,CAAQ,yBAAW;AAAEC,EAAAA,QAAQ,EAAE;AAAZ,CAAX,CAAR;AACAF,GAAG,CAACC,GAAJ,CAAQ,+BAAR;AAEAD,GAAG,CAACG,GAAJ,CAAQ,GAAR,EAAa,UAACC,GAAD,EAAMC,GAAN;AAAA,SAAcA,GAAG,CAACC,MAAJ,CAAW,GAAX,EAAgBC,IAAhB,CAAqB;AAAEC,IAAAA,OAAO,EAAE;AAAX,GAArB,CAAd;AAAA,CAAb,E,CAEA;AACA;;AACAR,GAAG,CAACC,GAAJ,CAAQQ,kBAAR,E,CAEA;;AACAT,GAAG,CAACC,GAAJ,CAAQ,UAACG,GAAD,EAAMC,GAAN,EAAWK,IAAX,EAAoB;AAC1BA,EAAAA,IAAI,CAAC,4BAAY,GAAZ,CAAD,CAAJ;AACD,CAFD,E,CAIA;;AACAV,GAAG,CAACC,GAAJ,CAAQ,UAACU,GAAD,EAAMP,GAAN,EAAWC,GAAX,EAAgBK,IAAhB,EAAyB;AAC/B;AACAL,EAAAA,GAAG,CAACO,MAAJ,CAAWJ,OAAX,GAAqBG,GAAG,CAACH,OAAzB;AACAH,EAAAA,GAAG,CAACO,MAAJ,CAAWC,KAAX,GAAmBT,GAAG,CAACJ,GAAJ,CAAQG,GAAR,CAAY,KAAZ,MAAuB,aAAvB,GAAuCQ,GAAvC,GAA6C,EAAhE,CAH+B,CAK/B;;AACAN,EAAAA,GAAG,CAACC,MAAJ,CAAWK,GAAG,CAACL,MAAJ,IAAc,GAAzB;AACAD,EAAAA,GAAG,CAACE,IAAJ,CAAS;AACPC,IAAAA,OAAO,EAAEG,GAAG,CAACH,OADN;AAEPK,IAAAA,KAAK,EAAEF;AAFA,GAAT;AAID,CAXD;eAaeX,G","sourceRoot":"/Users/peculiarerhisohwode/Desktop/Enyata/Team Jupyter - Project/project-backend-generator/src/","sourcesContent":["import createError from 'http-errors';\nimport express, { json, urlencoded } from 'express';\nimport cookieParser from 'cookie-parser';\nimport logger from 'morgan';\nimport cors from 'cors';\n\n// import indexRouter from '#routes/index';\n// import userRouter from '#routes/user';\nimport router from './routes';\nconst app = express();\n\napp.use(logger('dev'));\napp.use(cors());\napp.use(json());\napp.use(urlencoded({ extended: false }));\napp.use(cookieParser());\n\napp.get('/', (req, res) => res.status(200).json({ message: 'Welcome to our new project' }));\n\n// app.use('/', indexRouter);\n// app.use('/users', usersRouter);\napp.use(router);\n\n// catch 404 and forward to error handler\napp.use((req, res, next) => {\n  next(createError(404));\n});\n\n// error handler\napp.use((err, req, res, next) => {\n  // set locals, only providing error in development\n  res.locals.message = err.message;\n  res.locals.error = req.app.get('env') === 'development' ? err : {};\n\n  // render the error page\n  res.status(err.status || 500);\n  res.json({\n    message: err.message,\n    error: err\n  });\n});\n\nexport default app;\n"]},"_coverageSchema":"1a1c01bbd47fc00a2c39e90264f33305004495a9","hash":"45d56420e4f29d2e4a841454bca687e9a8ffe4f6","contentHash":"7a0fd9ea0e2f892ad780b73627650141f01d380d9f063cbd004b3b3c07cb39ee"},"/Users/peculiarerhisohwode/Desktop/Enyata/Team Jupyter - Project/project-backend-generator/src/routes/index.js":{"path":"/Users/peculiarerhisohwode/Desktop/Enyata/Team Jupyter - Project/project-backend-generator/src/routes/index.js","statementMap":{"0":{"start":{"line":3,"column":29},"end":{"line":3,"column":84}},"1":{"start":{"line":5,"column":0},"end":{"line":7,"column":3}},"2":{"start":{"line":8,"column":0},"end":{"line":8,"column":28}},"3":{"start":{"line":10,"column":15},"end":{"line":10,"column":57}},"4":{"start":{"line":12,"column":12},"end":{"line":12,"column":53}},"5":{"start":{"line":14,"column":14},"end":{"line":14,"column":57}},"6":{"start":{"line":22,"column":13},"end":{"line":22,"column":41}},"7":{"start":{"line":24,"column":0},"end":{"line":24,"column":41}},"8":{"start":{"line":25,"column":0},"end":{"line":25,"column":49}},"9":{"start":{"line":26,"column":15},"end":{"line":26,"column":21}},"10":{"start":{"line":27,"column":0},"end":{"line":27,"column":30}}},"fnMap":{},"branchMap":{},"s":{"0":1,"1":1,"2":1,"3":1,"4":1,"5":1,"6":1,"7":1,"8":1,"9":1,"10":1},"f":{},"b":{},"inputSourceMap":{"version":3,"sources":["index.js"],"names":["router","express","Router","use","userRouter","walletRouter"],"mappings":";;;;;;;;;AAAA;;AAEA;;AACA;;AAEA;AACA;AACA;AACA;AACA;AACA;AACA,IAAMA,MAAM,GAAGC,oBAAQC,MAAR,EAAf;;AAEAF,MAAM,CAACG,GAAP,CAAW,UAAX,EAAuBC,gBAAvB;AACAJ,MAAM,CAACG,GAAP,CAAW,gBAAX,EAA6BE,kBAA7B;eAEeL,M","sourceRoot":"/Users/peculiarerhisohwode/Desktop/Enyata/Team Jupyter - Project/project-backend-generator/src/routes/","sourcesContent":["import express from 'express';\n\nimport userRouter from './user';\nimport walletRouter from './wallet';\n\n/* GET home page. */\n// router.get('/', (req, res, next) => {\n//   res.status(200).json({\n//     message: 'Welcome to our new project',\n//   });\n// });\nconst router = express.Router();\n\nrouter.use('/api/v1/', userRouter);\nrouter.use('/api/v1/wallet', walletRouter)\n\nexport default router;\n"]},"_coverageSchema":"1a1c01bbd47fc00a2c39e90264f33305004495a9","hash":"263a10d800323a9714c5b6ad4425fb00f468e48c","contentHash":"99fe23400dc4d4d32c4707f4750a037513296aa93f53a7210ee424484fa07eba"},"/Users/peculiarerhisohwode/Desktop/Enyata/Team Jupyter - Project/project-backend-generator/src/routes/user.js":{"path":"/Users/peculiarerhisohwode/Desktop/Enyata/Team Jupyter - Project/project-backend-generator/src/routes/user.js","statementMap":{"0":{"start":{"line":3,"column":29},"end":{"line":3,"column":84}},"1":{"start":{"line":5,"column":0},"end":{"line":7,"column":3}},"2":{"start":{"line":8,"column":0},"end":{"line":8,"column":28}},"3":{"start":{"line":10,"column":15},"end":{"line":10,"column":57}},"4":{"start":{"line":12,"column":19},"end":{"line":12,"column":44}},"5":{"start":{"line":14,"column":19},"end":{"line":14,"column":44}},"6":{"start":{"line":16,"column":17},"end":{"line":16,"column":45}},"7":{"start":{"line":18,"column":23},"end":{"line":18,"column":68}},"8":{"start":{"line":19,"column":21},"end":{"line":19,"column":64}},"9":{"start":{"line":20,"column":31},"end":{"line":20,"column":84}},"10":{"start":{"line":21,"column":14},"end":{"line":21,"column":50}},"11":{"start":{"line":22,"column":20},"end":{"line":22,"column":62}},"12":{"start":{"line":23,"column":25},"end":{"line":23,"column":72}},"13":{"start":{"line":24,"column":29},"end":{"line":24,"column":80}},"14":{"start":{"line":25,"column":18},"end":{"line":25,"column":58}},"15":{"start":{"line":26,"column":20},"end":{"line":26,"column":62}},"16":{"start":{"line":27,"column":23},"end":{"line":27,"column":68}},"17":{"start":{"line":28,"column":27},"end":{"line":28,"column":76}},"18":{"start":{"line":29,"column":32},"end":{"line":29,"column":86}},"19":{"start":{"line":30,"column":29},"end":{"line":30,"column":80}},"20":{"start":{"line":31,"column":30},"end":{"line":31,"column":82}},"21":{"start":{"line":32,"column":19},"end":{"line":32,"column":60}},"22":{"start":{"line":33,"column":30},"end":{"line":33,"column":82}},"23":{"start":{"line":34,"column":18},"end":{"line":34,"column":58}},"24":{"start":{"line":35,"column":16},"end":{"line":35,"column":54}},"25":{"start":{"line":36,"column":28},"end":{"line":36,"column":78}},"26":{"start":{"line":37,"column":21},"end":{"line":37,"column":64}},"27":{"start":{"line":38,"column":26},"end":{"line":38,"column":74}},"28":{"start":{"line":39,"column":0},"end":{"line":39,"column":81}},"29":{"start":{"line":40,"column":0},"end":{"line":40,"column":92}},"30":{"start":{"line":41,"column":0},"end":{"line":41,"column":111}},"31":{"start":{"line":42,"column":0},"end":{"line":42,"column":87}},"32":{"start":{"line":43,"column":0},"end":{"line":43,"column":57}},"33":{"start":{"line":44,"column":0},"end":{"line":44,"column":123}},"34":{"start":{"line":45,"column":0},"end":{"line":45,"column":101}},"35":{"start":{"line":46,"column":0},"end":{"line":46,"column":74}},"36":{"start":{"line":47,"column":15},"end":{"line":47,"column":25}},"37":{"start":{"line":48,"column":0},"end":{"line":48,"column":30}}},"fnMap":{},"branchMap":{},"s":{"0":1,"1":1,"2":1,"3":1,"4":1,"5":1,"6":1,"7":1,"8":1,"9":1,"10":1,"11":1,"12":1,"13":1,"14":1,"15":1,"16":1,"17":1,"18":1,"19":1,"20":1,"21":1,"22":1,"23":1,"24":1,"25":1,"26":1,"27":1,"28":1,"29":1,"30":1,"31":1,"32":1,"33":1,"34":1,"35":1,"36":1,"37":1},"f":{},"b":{},"inputSourceMap":{"version":3,"sources":["user.js"],"names":["userRouter","express","Router","validateUsername","userMiddlewares","validateSignUp","checkIfUserAlreadyExists","sendOtp","validateEmail","checkIfEmailExists","createTokenForPassword","validateOtp","validateLogin","validatePassword","authenticateOtpToken","authMiddlewares","authenticatePasswordToken","authenticateLoginToken","checkIfUsernameIsUnique","userControllers","registerUser","updateConfirmationToken","confirmUser","loginUser","sendPasswordResetLink","changePassword","retrieveUserProfile","post","get"],"mappings":";;;;;;;;;AAAA;;AAEA;;AACA;;AAEA,IAAMA,UAAU,GAAGC,oBAAQC,MAAR,EAAnB;;IACQC,gB,GAIJC,4B,CAJID,gB;IAAkBE,c,GAItBD,4B,CAJsBC,c;IAAgBC,wB,GAItCF,4B,CAJsCE,wB;IAA0BC,O,GAIhEH,4B,CAJgEG,O;IAChEC,a,GAGAJ,4B,CAHAI,a;IAAeC,kB,GAGfL,4B,CAHeK,kB;IACfC,sB,GAEAN,4B,CAFAM,sB;IAAwBC,W,GAExBP,4B,CAFwBO,W;IAAaC,a,GAErCR,4B,CAFqCQ,a;IACrCC,gB,GACAT,4B,CADAS,gB;IAEIC,oB,GAEJC,4B,CAFID,oB;IAAsBE,yB,GAE1BD,4B,CAF0BC,yB;IAC1BC,sB,GACAF,4B,CADAE,sB;IAEIC,uB,GAGJC,4B,CAHID,uB;IAAyBE,Y,GAG7BD,4B,CAH6BC,Y;IAC7BC,uB,GAEAF,4B,CAFAE,uB;IAAyBC,W,GAEzBH,4B,CAFyBG,W;IAAaC,S,GAEtCJ,4B,CAFsCI,S;IAAWC,qB,GAEjDL,4B,CAFiDK,qB;IACjDC,c,GACAN,4B,CADAM,c;IAAgBC,mB,GAChBP,4B,CADgBO,mB;AAGpB1B,UAAU,CAAC2B,IAAX,CAAgB,oBAAhB,EAAsCxB,gBAAtC,EAAwDe,uBAAxD;AACAlB,UAAU,CAAC2B,IAAX,CAAgB,SAAhB,EAA2BtB,cAA3B,EAA2CC,wBAA3C,EAAqEC,OAArE,EAA8Ea,YAA9E;AACApB,UAAU,CAAC2B,IAAX,CAAgB,wBAAhB,EAA0CnB,aAA1C,EAAyDC,kBAAzD,EAA6EF,OAA7E,EAAsFc,uBAAtF;AACArB,UAAU,CAAC2B,IAAX,CAAgB,qBAAhB,EAAuChB,WAAvC,EAAoDG,oBAApD,EAA0EQ,WAA1E;AACAtB,UAAU,CAAC2B,IAAX,CAAgB,aAAhB,EAA+Bf,aAA/B,EAA8CW,SAA9C;AACAvB,UAAU,CAAC2B,IAAX,CAAgB,uBAAhB,EAAyCnB,aAAzC,EAAwDC,kBAAxD,EAA4EC,sBAA5E,EAAoGc,qBAApG;AACAxB,UAAU,CAAC2B,IAAX,CAAgB,sBAAhB,EAAwCd,gBAAxC,EAA0DG,yBAA1D,EAAqFS,cAArF;AACAzB,UAAU,CAAC4B,GAAX,CAAe,YAAf,EAA6BX,sBAA7B,EAAqDS,mBAArD;eAEe1B,U","sourceRoot":"/Users/peculiarerhisohwode/Desktop/Enyata/Team Jupyter - Project/project-backend-generator/src/routes/","sourcesContent":["import express from 'express';\n\nimport { userMiddlewares, authMiddlewares } from '../middlewares';\nimport { userControllers } from '../controllers';\n\nconst userRouter = express.Router();\nconst { validateUsername, validateSignUp, checkIfUserAlreadyExists, sendOtp,\n    validateEmail, checkIfEmailExists,\n    createTokenForPassword, validateOtp, validateLogin,\n    validatePassword,\n} = userMiddlewares;\nconst { authenticateOtpToken, authenticatePasswordToken,\n    authenticateLoginToken\n} = authMiddlewares;\nconst { checkIfUsernameIsUnique, registerUser,\n    updateConfirmationToken, confirmUser, loginUser, sendPasswordResetLink,\n    changePassword, retrieveUserProfile\n} = userControllers;\n\nuserRouter.post('/validate-username', validateUsername, checkIfUsernameIsUnique);\nuserRouter.post('/signup', validateSignUp, checkIfUserAlreadyExists, sendOtp, registerUser);\nuserRouter.post('/auth/resend-email-otp', validateEmail, checkIfEmailExists, sendOtp, updateConfirmationToken);\nuserRouter.post('/auth/confirm-email', validateOtp, authenticateOtpToken, confirmUser);\nuserRouter.post('/auth/login', validateLogin, loginUser);\nuserRouter.post('/auth/forgot-password', validateEmail, checkIfEmailExists, createTokenForPassword, sendPasswordResetLink);\nuserRouter.post('/auth/reset-password', validatePassword, authenticatePasswordToken, changePassword);\nuserRouter.get('/auth/user', authenticateLoginToken, retrieveUserProfile)\n\nexport default userRouter;\n"]},"_coverageSchema":"1a1c01bbd47fc00a2c39e90264f33305004495a9","hash":"c16f12de340c974fe8b37c24b6b15d664984ec94","contentHash":"0551df00a1c04ec6ad3bf7c14853863713393cee4783ccd9d4b30c3bbab320f5"},"/Users/peculiarerhisohwode/Desktop/Enyata/Team Jupyter - Project/project-backend-generator/src/middlewares/index.js":{"path":"/Users/peculiarerhisohwode/Desktop/Enyata/Team Jupyter - Project/project-backend-generator/src/middlewares/index.js","statementMap":{"0":{"start":{"line":3,"column":30},"end":{"line":3,"column":86}},"1":{"start":{"line":5,"column":0},"end":{"line":7,"column":3}},"2":{"start":{"line":8,"column":0},"end":{"line":8,"column":87}},"3":{"start":{"line":10,"column":22},"end":{"line":10,"column":64}},"4":{"start":{"line":12,"column":0},"end":{"line":12,"column":42}},"5":{"start":{"line":14,"column":22},"end":{"line":14,"column":64}},"6":{"start":{"line":16,"column":0},"end":{"line":16,"column":42}},"7":{"start":{"line":18,"column":24},"end":{"line":18,"column":68}},"8":{"start":{"line":20,"column":0},"end":{"line":20,"column":46}}},"fnMap":{},"branchMap":{},"s":{"0":1,"1":1,"2":1,"3":1,"4":1,"5":1,"6":1,"7":1,"8":1},"f":{},"b":{},"inputSourceMap":{"version":3,"sources":["index.js"],"names":[],"mappings":";;;;;;;;;AAAA;;;;AAEA;;;;AAEA","sourceRoot":"/Users/peculiarerhisohwode/Desktop/Enyata/Team Jupyter - Project/project-backend-generator/src/middlewares/","sourcesContent":["import * as userMiddlewares from './user';\n\nimport * as authMiddlewares from './auth';\n\nimport * as walletMiddlewares from './wallet';\n\nexport {\n    userMiddlewares, authMiddlewares, walletMiddlewares\n};"]},"_coverageSchema":"1a1c01bbd47fc00a2c39e90264f33305004495a9","hash":"1fc18774a96c20efc889f149258445d9e1b6af30","contentHash":"75d70855387b902ece998524d799523f1edba3f6225e244e8e21018296f11085"},"/Users/peculiarerhisohwode/Desktop/Enyata/Team Jupyter - Project/project-backend-generator/src/middlewares/user.js":{"path":"/Users/peculiarerhisohwode/Desktop/Enyata/Team Jupyter - Project/project-backend-generator/src/middlewares/user.js","statementMap":{"0":{"start":{"line":3,"column":29},"end":{"line":3,"column":84}},"1":{"start":{"line":5,"column":0},"end":{"line":7,"column":3}},"2":{"start":{"line":8,"column":0},"end":{"line":8,"column":271}},"3":{"start":{"line":10,"column":19},"end":{"line":10,"column":80}},"4":{"start":{"line":12,"column":25},"end":{"line":12,"column":99}},"5":{"start":{"line":14,"column":13},"end":{"line":14,"column":56}},"6":{"start":{"line":16,"column":19},"end":{"line":16,"column":44}},"7":{"start":{"line":18,"column":16},"end":{"line":18,"column":38}},"8":{"start":{"line":20,"column":18},"end":{"line":20,"column":47}},"9":{"start":{"line":21,"column":26},"end":{"line":21,"column":63}},"10":{"start":{"line":22,"column":31},"end":{"line":22,"column":73}},"11":{"start":{"line":23,"column":19},"end":{"line":23,"column":49}},"12":{"start":{"line":24,"column":21},"end":{"line":24,"column":64}},"13":{"start":{"line":25,"column":19},"end":{"line":25,"column":60}},"14":{"start":{"line":26,"column":18},"end":{"line":26,"column":58}},"15":{"start":{"line":27,"column":16},"end":{"line":27,"column":54}},"16":{"start":{"line":28,"column":18},"end":{"line":28,"column":58}},"17":{"start":{"line":29,"column":21},"end":{"line":29,"column":64}},"18":{"start":{"line":30,"column":27},"end":{"line":30,"column":70}},"19":{"start":{"line":32,"column":36},"end":{"line":64,"column":3}},"20":{"start":{"line":33,"column":13},"end":{"line":59,"column":5}},"21":{"start":{"line":34,"column":4},"end":{"line":58,"column":32}},"22":{"start":{"line":35,"column":6},"end":{"line":57,"column":7}},"23":{"start":{"line":36,"column":8},"end":{"line":56,"column":9}},"24":{"start":{"line":38,"column":12},"end":{"line":38,"column":30}},"25":{"start":{"line":39,"column":12},"end":{"line":39,"column":30}},"26":{"start":{"line":40,"column":12},"end":{"line":40,"column":58}},"27":{"start":{"line":43,"column":12},"end":{"line":43,"column":53}},"28":{"start":{"line":46,"column":12},"end":{"line":46,"column":30}},"29":{"start":{"line":47,"column":12},"end":{"line":47,"column":47}},"30":{"start":{"line":48,"column":12},"end":{"line":51,"column":16}},"31":{"start":{"line":55,"column":12},"end":{"line":55,"column":35}},"32":{"start":{"line":61,"column":2},"end":{"line":63,"column":4}},"33":{"start":{"line":62,"column":4},"end":{"line":62,"column":39}},"34":{"start":{"line":66,"column":0},"end":{"line":66,"column":44}},"35":{"start":{"line":68,"column":34},"end":{"line":100,"column":3}},"36":{"start":{"line":69,"column":14},"end":{"line":95,"column":5}},"37":{"start":{"line":70,"column":4},"end":{"line":94,"column":33}},"38":{"start":{"line":71,"column":6},"end":{"line":93,"column":7}},"39":{"start":{"line":72,"column":8},"end":{"line":92,"column":9}},"40":{"start":{"line":74,"column":12},"end":{"line":74,"column":31}},"41":{"start":{"line":75,"column":12},"end":{"line":75,"column":31}},"42":{"start":{"line":76,"column":12},"end":{"line":76,"column":56}},"43":{"start":{"line":79,"column":12},"end":{"line":79,"column":54}},"44":{"start":{"line":82,"column":12},"end":{"line":82,"column":31}},"45":{"start":{"line":83,"column":12},"end":{"line":83,"column":49}},"46":{"start":{"line":84,"column":12},"end":{"line":87,"column":16}},"47":{"start":{"line":91,"column":12},"end":{"line":91,"column":36}},"48":{"start":{"line":97,"column":2},"end":{"line":99,"column":4}},"49":{"start":{"line":98,"column":4},"end":{"line":98,"column":40}},"50":{"start":{"line":102,"column":0},"end":{"line":102,"column":40}},"51":{"start":{"line":104,"column":44},"end":{"line":155,"column":3}},"52":{"start":{"line":105,"column":14},"end":{"line":150,"column":5}},"53":{"start":{"line":107,"column":4},"end":{"line":149,"column":34}},"54":{"start":{"line":108,"column":6},"end":{"line":148,"column":7}},"55":{"start":{"line":109,"column":8},"end":{"line":147,"column":9}},"56":{"start":{"line":111,"column":12},"end":{"line":111,"column":31}},"57":{"start":{"line":112,"column":12},"end":{"line":112,"column":31}},"58":{"start":{"line":113,"column":12},"end":{"line":113,"column":56}},"59":{"start":{"line":116,"column":12},"end":{"line":116,"column":34}},"60":{"start":{"line":118,"column":12},"end":{"line":121,"column":13}},"61":{"start":{"line":119,"column":14},"end":{"line":119,"column":33}},"62":{"start":{"line":120,"column":14},"end":{"line":120,"column":20}},"63":{"start":{"line":123,"column":12},"end":{"line":123,"column":54}},"64":{"start":{"line":126,"column":12},"end":{"line":129,"column":16}},"65":{"start":{"line":132,"column":12},"end":{"line":132,"column":32}},"66":{"start":{"line":133,"column":12},"end":{"line":133,"column":18}},"67":{"start":{"line":136,"column":12},"end":{"line":136,"column":32}},"68":{"start":{"line":137,"column":12},"end":{"line":137,"column":49}},"69":{"start":{"line":138,"column":12},"end":{"line":138,"column":38}},"70":{"start":{"line":139,"column":12},"end":{"line":142,"column":16}},"71":{"start":{"line":146,"column":12},"end":{"line":146,"column":36}},"72":{"start":{"line":152,"column":2},"end":{"line":154,"column":4}},"73":{"start":{"line":153,"column":4},"end":{"line":153,"column":40}},"74":{"start":{"line":157,"column":0},"end":{"line":157,"column":60}},"75":{"start":{"line":159,"column":27},"end":{"line":199,"column":3}},"76":{"start":{"line":160,"column":14},"end":{"line":194,"column":5}},"77":{"start":{"line":162,"column":4},"end":{"line":193,"column":34}},"78":{"start":{"line":163,"column":6},"end":{"line":192,"column":7}},"79":{"start":{"line":164,"column":8},"end":{"line":191,"column":9}},"80":{"start":{"line":166,"column":12},"end":{"line":166,"column":31}},"81":{"start":{"line":167,"column":12},"end":{"line":167,"column":85}},"82":{"start":{"line":168,"column":12},"end":{"line":168,"column":36}},"83":{"start":{"line":169,"column":12},"end":{"line":169,"column":25}},"84":{"start":{"line":170,"column":12},"end":{"line":170,"column":31}},"85":{"start":{"line":171,"column":12},"end":{"line":171,"column":75}},"86":{"start":{"line":174,"column":12},"end":{"line":176,"column":15}},"87":{"start":{"line":177,"column":12},"end":{"line":177,"column":54}},"88":{"start":{"line":180,"column":12},"end":{"line":180,"column":32}},"89":{"start":{"line":181,"column":12},"end":{"line":181,"column":49}},"90":{"start":{"line":182,"column":12},"end":{"line":182,"column":38}},"91":{"start":{"line":183,"column":12},"end":{"line":186,"column":16}},"92":{"start":{"line":190,"column":12},"end":{"line":190,"column":36}},"93":{"start":{"line":196,"column":2},"end":{"line":198,"column":4}},"94":{"start":{"line":197,"column":4},"end":{"line":197,"column":40}},"95":{"start":{"line":201,"column":0},"end":{"line":201,"column":26}},"96":{"start":{"line":203,"column":33},"end":{"line":236,"column":3}},"97":{"start":{"line":204,"column":14},"end":{"line":231,"column":5}},"98":{"start":{"line":205,"column":4},"end":{"line":230,"column":33}},"99":{"start":{"line":206,"column":6},"end":{"line":229,"column":7}},"100":{"start":{"line":207,"column":8},"end":{"line":228,"column":9}},"101":{"start":{"line":209,"column":12},"end":{"line":209,"column":31}},"102":{"start":{"line":210,"column":12},"end":{"line":210,"column":31}},"103":{"start":{"line":211,"column":12},"end":{"line":211,"column":55}},"104":{"start":{"line":214,"column":12},"end":{"line":214,"column":54}},"105":{"start":{"line":217,"column":12},"end":{"line":217,"column":31}},"106":{"start":{"line":218,"column":12},"end":{"line":218,"column":49}},"107":{"start":{"line":219,"column":12},"end":{"line":219,"column":38}},"108":{"start":{"line":220,"column":12},"end":{"line":223,"column":16}},"109":{"start":{"line":227,"column":12},"end":{"line":227,"column":36}},"110":{"start":{"line":233,"column":2},"end":{"line":235,"column":4}},"111":{"start":{"line":234,"column":4},"end":{"line":234,"column":40}},"112":{"start":{"line":238,"column":0},"end":{"line":238,"column":38}},"113":{"start":{"line":240,"column":38},"end":{"line":292,"column":3}},"114":{"start":{"line":241,"column":14},"end":{"line":287,"column":5}},"115":{"start":{"line":243,"column":4},"end":{"line":286,"column":34}},"116":{"start":{"line":244,"column":6},"end":{"line":285,"column":7}},"117":{"start":{"line":245,"column":8},"end":{"line":284,"column":9}},"118":{"start":{"line":247,"column":12},"end":{"line":247,"column":31}},"119":{"start":{"line":248,"column":12},"end":{"line":248,"column":31}},"120":{"start":{"line":249,"column":12},"end":{"line":249,"column":56}},"121":{"start":{"line":252,"column":12},"end":{"line":252,"column":34}},"122":{"start":{"line":254,"column":12},"end":{"line":257,"column":13}},"123":{"start":{"line":255,"column":14},"end":{"line":255,"column":33}},"124":{"start":{"line":256,"column":14},"end":{"line":256,"column":20}},"125":{"start":{"line":259,"column":12},"end":{"line":259,"column":28}},"126":{"start":{"line":260,"column":12},"end":{"line":260,"column":54}},"127":{"start":{"line":263,"column":12},"end":{"line":266,"column":16}},"128":{"start":{"line":269,"column":12},"end":{"line":269,"column":32}},"129":{"start":{"line":270,"column":12},"end":{"line":270,"column":18}},"130":{"start":{"line":273,"column":12},"end":{"line":273,"column":32}},"131":{"start":{"line":274,"column":12},"end":{"line":274,"column":49}},"132":{"start":{"line":275,"column":12},"end":{"line":275,"column":38}},"133":{"start":{"line":276,"column":12},"end":{"line":279,"column":16}},"134":{"start":{"line":283,"column":12},"end":{"line":283,"column":36}},"135":{"start":{"line":289,"column":2},"end":{"line":291,"column":4}},"136":{"start":{"line":290,"column":4},"end":{"line":290,"column":40}},"137":{"start":{"line":294,"column":0},"end":{"line":294,"column":48}},"138":{"start":{"line":296,"column":42},"end":{"line":329,"column":3}},"139":{"start":{"line":297,"column":14},"end":{"line":324,"column":5}},"140":{"start":{"line":298,"column":4},"end":{"line":323,"column":33}},"141":{"start":{"line":299,"column":6},"end":{"line":322,"column":7}},"142":{"start":{"line":300,"column":8},"end":{"line":321,"column":9}},"143":{"start":{"line":302,"column":12},"end":{"line":302,"column":31}},"144":{"start":{"line":303,"column":12},"end":{"line":305,"column":15}},"145":{"start":{"line":306,"column":12},"end":{"line":306,"column":43}},"146":{"start":{"line":307,"column":12},"end":{"line":307,"column":54}},"147":{"start":{"line":310,"column":12},"end":{"line":310,"column":31}},"148":{"start":{"line":311,"column":12},"end":{"line":311,"column":49}},"149":{"start":{"line":312,"column":12},"end":{"line":312,"column":38}},"150":{"start":{"line":313,"column":12},"end":{"line":316,"column":16}},"151":{"start":{"line":320,"column":12},"end":{"line":320,"column":36}},"152":{"start":{"line":326,"column":2},"end":{"line":328,"column":4}},"153":{"start":{"line":327,"column":4},"end":{"line":327,"column":40}},"154":{"start":{"line":331,"column":0},"end":{"line":331,"column":56}},"155":{"start":{"line":333,"column":31},"end":{"line":366,"column":3}},"156":{"start":{"line":334,"column":14},"end":{"line":361,"column":5}},"157":{"start":{"line":335,"column":4},"end":{"line":360,"column":33}},"158":{"start":{"line":336,"column":6},"end":{"line":359,"column":7}},"159":{"start":{"line":337,"column":8},"end":{"line":358,"column":9}},"160":{"start":{"line":339,"column":12},"end":{"line":339,"column":31}},"161":{"start":{"line":340,"column":12},"end":{"line":340,"column":31}},"162":{"start":{"line":341,"column":12},"end":{"line":341,"column":53}},"163":{"start":{"line":344,"column":12},"end":{"line":344,"column":54}},"164":{"start":{"line":347,"column":12},"end":{"line":347,"column":31}},"165":{"start":{"line":348,"column":12},"end":{"line":348,"column":49}},"166":{"start":{"line":349,"column":12},"end":{"line":349,"column":38}},"167":{"start":{"line":350,"column":12},"end":{"line":353,"column":16}},"168":{"start":{"line":357,"column":12},"end":{"line":357,"column":36}},"169":{"start":{"line":363,"column":2},"end":{"line":365,"column":4}},"170":{"start":{"line":364,"column":4},"end":{"line":364,"column":40}},"171":{"start":{"line":368,"column":0},"end":{"line":368,"column":34}},"172":{"start":{"line":370,"column":33},"end":{"line":403,"column":3}},"173":{"start":{"line":371,"column":14},"end":{"line":398,"column":5}},"174":{"start":{"line":372,"column":4},"end":{"line":397,"column":33}},"175":{"start":{"line":373,"column":6},"end":{"line":396,"column":7}},"176":{"start":{"line":374,"column":8},"end":{"line":395,"column":9}},"177":{"start":{"line":376,"column":12},"end":{"line":376,"column":31}},"178":{"start":{"line":377,"column":12},"end":{"line":377,"column":31}},"179":{"start":{"line":378,"column":12},"end":{"line":378,"column":55}},"180":{"start":{"line":381,"column":12},"end":{"line":381,"column":54}},"181":{"start":{"line":384,"column":12},"end":{"line":384,"column":31}},"182":{"start":{"line":385,"column":12},"end":{"line":385,"column":49}},"183":{"start":{"line":386,"column":12},"end":{"line":386,"column":38}},"184":{"start":{"line":387,"column":12},"end":{"line":390,"column":16}},"185":{"start":{"line":394,"column":12},"end":{"line":394,"column":36}},"186":{"start":{"line":400,"column":2},"end":{"line":402,"column":4}},"187":{"start":{"line":401,"column":4},"end":{"line":401,"column":40}},"188":{"start":{"line":405,"column":0},"end":{"line":405,"column":38}},"189":{"start":{"line":407,"column":36},"end":{"line":440,"column":3}},"190":{"start":{"line":408,"column":15},"end":{"line":435,"column":5}},"191":{"start":{"line":409,"column":4},"end":{"line":434,"column":34}},"192":{"start":{"line":410,"column":6},"end":{"line":433,"column":7}},"193":{"start":{"line":411,"column":8},"end":{"line":432,"column":9}},"194":{"start":{"line":413,"column":12},"end":{"line":413,"column":32}},"195":{"start":{"line":414,"column":12},"end":{"line":414,"column":32}},"196":{"start":{"line":415,"column":12},"end":{"line":415,"column":58}},"197":{"start":{"line":418,"column":12},"end":{"line":418,"column":55}},"198":{"start":{"line":421,"column":12},"end":{"line":421,"column":32}},"199":{"start":{"line":422,"column":12},"end":{"line":422,"column":51}},"200":{"start":{"line":423,"column":12},"end":{"line":423,"column":39}},"201":{"start":{"line":424,"column":12},"end":{"line":427,"column":16}},"202":{"start":{"line":431,"column":12},"end":{"line":431,"column":37}},"203":{"start":{"line":437,"column":2},"end":{"line":439,"column":4}},"204":{"start":{"line":438,"column":4},"end":{"line":438,"column":41}},"205":{"start":{"line":442,"column":0},"end":{"line":442,"column":44}}},"fnMap":{"0":{"name":"(anonymous_0)","decl":{"start":{"line":32,"column":36},"end":{"line":32,"column":37}},"loc":{"start":{"line":32,"column":48},"end":{"line":64,"column":1}},"line":32},"1":{"name":"_callee","decl":{"start":{"line":33,"column":100},"end":{"line":33,"column":107}},"loc":{"start":{"line":33,"column":124},"end":{"line":59,"column":3}},"line":33},"2":{"name":"_callee$","decl":{"start":{"line":34,"column":49},"end":{"line":34,"column":57}},"loc":{"start":{"line":34,"column":68},"end":{"line":58,"column":5}},"line":34},"3":{"name":"validateUsername","decl":{"start":{"line":61,"column":18},"end":{"line":61,"column":34}},"loc":{"start":{"line":61,"column":49},"end":{"line":63,"column":3}},"line":61},"4":{"name":"(anonymous_4)","decl":{"start":{"line":68,"column":34},"end":{"line":68,"column":35}},"loc":{"start":{"line":68,"column":46},"end":{"line":100,"column":1}},"line":68},"5":{"name":"_callee2","decl":{"start":{"line":69,"column":101},"end":{"line":69,"column":109}},"loc":{"start":{"line":69,"column":126},"end":{"line":95,"column":3}},"line":69},"6":{"name":"_callee2$","decl":{"start":{"line":70,"column":49},"end":{"line":70,"column":58}},"loc":{"start":{"line":70,"column":70},"end":{"line":94,"column":5}},"line":70},"7":{"name":"validateSignUp","decl":{"start":{"line":97,"column":18},"end":{"line":97,"column":32}},"loc":{"start":{"line":97,"column":48},"end":{"line":99,"column":3}},"line":97},"8":{"name":"(anonymous_8)","decl":{"start":{"line":104,"column":44},"end":{"line":104,"column":45}},"loc":{"start":{"line":104,"column":56},"end":{"line":155,"column":1}},"line":104},"9":{"name":"_callee3","decl":{"start":{"line":105,"column":101},"end":{"line":105,"column":109}},"loc":{"start":{"line":105,"column":126},"end":{"line":150,"column":3}},"line":105},"10":{"name":"_callee3$","decl":{"start":{"line":107,"column":49},"end":{"line":107,"column":58}},"loc":{"start":{"line":107,"column":70},"end":{"line":149,"column":5}},"line":107},"11":{"name":"checkIfUserAlreadyExists","decl":{"start":{"line":152,"column":18},"end":{"line":152,"column":42}},"loc":{"start":{"line":152,"column":58},"end":{"line":154,"column":3}},"line":152},"12":{"name":"(anonymous_12)","decl":{"start":{"line":159,"column":27},"end":{"line":159,"column":28}},"loc":{"start":{"line":159,"column":39},"end":{"line":199,"column":1}},"line":159},"13":{"name":"_callee4","decl":{"start":{"line":160,"column":101},"end":{"line":160,"column":109}},"loc":{"start":{"line":160,"column":126},"end":{"line":194,"column":3}},"line":160},"14":{"name":"_callee4$","decl":{"start":{"line":162,"column":49},"end":{"line":162,"column":58}},"loc":{"start":{"line":162,"column":70},"end":{"line":193,"column":5}},"line":162},"15":{"name":"sendOtp","decl":{"start":{"line":196,"column":18},"end":{"line":196,"column":25}},"loc":{"start":{"line":196,"column":44},"end":{"line":198,"column":3}},"line":196},"16":{"name":"(anonymous_16)","decl":{"start":{"line":203,"column":33},"end":{"line":203,"column":34}},"loc":{"start":{"line":203,"column":45},"end":{"line":236,"column":1}},"line":203},"17":{"name":"_callee5","decl":{"start":{"line":204,"column":101},"end":{"line":204,"column":109}},"loc":{"start":{"line":204,"column":126},"end":{"line":231,"column":3}},"line":204},"18":{"name":"_callee5$","decl":{"start":{"line":205,"column":49},"end":{"line":205,"column":58}},"loc":{"start":{"line":205,"column":70},"end":{"line":230,"column":5}},"line":205},"19":{"name":"validateEmail","decl":{"start":{"line":233,"column":18},"end":{"line":233,"column":31}},"loc":{"start":{"line":233,"column":50},"end":{"line":235,"column":3}},"line":233},"20":{"name":"(anonymous_20)","decl":{"start":{"line":240,"column":38},"end":{"line":240,"column":39}},"loc":{"start":{"line":240,"column":50},"end":{"line":292,"column":1}},"line":240},"21":{"name":"_callee6","decl":{"start":{"line":241,"column":101},"end":{"line":241,"column":109}},"loc":{"start":{"line":241,"column":126},"end":{"line":287,"column":3}},"line":241},"22":{"name":"_callee6$","decl":{"start":{"line":243,"column":49},"end":{"line":243,"column":58}},"loc":{"start":{"line":243,"column":70},"end":{"line":286,"column":5}},"line":243},"23":{"name":"checkIfEmailExists","decl":{"start":{"line":289,"column":18},"end":{"line":289,"column":36}},"loc":{"start":{"line":289,"column":55},"end":{"line":291,"column":3}},"line":289},"24":{"name":"(anonymous_24)","decl":{"start":{"line":296,"column":42},"end":{"line":296,"column":43}},"loc":{"start":{"line":296,"column":54},"end":{"line":329,"column":1}},"line":296},"25":{"name":"_callee7","decl":{"start":{"line":297,"column":101},"end":{"line":297,"column":109}},"loc":{"start":{"line":297,"column":126},"end":{"line":324,"column":3}},"line":297},"26":{"name":"_callee7$","decl":{"start":{"line":298,"column":49},"end":{"line":298,"column":58}},"loc":{"start":{"line":298,"column":70},"end":{"line":323,"column":5}},"line":298},"27":{"name":"createTokenForPassword","decl":{"start":{"line":326,"column":18},"end":{"line":326,"column":40}},"loc":{"start":{"line":326,"column":59},"end":{"line":328,"column":3}},"line":326},"28":{"name":"(anonymous_28)","decl":{"start":{"line":333,"column":31},"end":{"line":333,"column":32}},"loc":{"start":{"line":333,"column":43},"end":{"line":366,"column":1}},"line":333},"29":{"name":"_callee8","decl":{"start":{"line":334,"column":101},"end":{"line":334,"column":109}},"loc":{"start":{"line":334,"column":126},"end":{"line":361,"column":3}},"line":334},"30":{"name":"_callee8$","decl":{"start":{"line":335,"column":49},"end":{"line":335,"column":58}},"loc":{"start":{"line":335,"column":70},"end":{"line":360,"column":5}},"line":335},"31":{"name":"validateOtp","decl":{"start":{"line":363,"column":18},"end":{"line":363,"column":29}},"loc":{"start":{"line":363,"column":48},"end":{"line":365,"column":3}},"line":363},"32":{"name":"(anonymous_32)","decl":{"start":{"line":370,"column":33},"end":{"line":370,"column":34}},"loc":{"start":{"line":370,"column":45},"end":{"line":403,"column":1}},"line":370},"33":{"name":"_callee9","decl":{"start":{"line":371,"column":101},"end":{"line":371,"column":109}},"loc":{"start":{"line":371,"column":126},"end":{"line":398,"column":3}},"line":371},"34":{"name":"_callee9$","decl":{"start":{"line":372,"column":49},"end":{"line":372,"column":58}},"loc":{"start":{"line":372,"column":70},"end":{"line":397,"column":5}},"line":372},"35":{"name":"validateLogin","decl":{"start":{"line":400,"column":18},"end":{"line":400,"column":31}},"loc":{"start":{"line":400,"column":50},"end":{"line":402,"column":3}},"line":400},"36":{"name":"(anonymous_36)","decl":{"start":{"line":407,"column":36},"end":{"line":407,"column":37}},"loc":{"start":{"line":407,"column":48},"end":{"line":440,"column":1}},"line":407},"37":{"name":"_callee10","decl":{"start":{"line":408,"column":102},"end":{"line":408,"column":111}},"loc":{"start":{"line":408,"column":128},"end":{"line":435,"column":3}},"line":408},"38":{"name":"_callee10$","decl":{"start":{"line":409,"column":49},"end":{"line":409,"column":59}},"loc":{"start":{"line":409,"column":72},"end":{"line":434,"column":5}},"line":409},"39":{"name":"validatePassword","decl":{"start":{"line":437,"column":18},"end":{"line":437,"column":34}},"loc":{"start":{"line":437,"column":53},"end":{"line":439,"column":3}},"line":437}},"branchMap":{"0":{"loc":{"start":{"line":36,"column":8},"end":{"line":56,"column":9}},"type":"switch","locations":[{"start":{"line":37,"column":10},"end":{"line":40,"column":58}},{"start":{"line":42,"column":10},"end":{"line":43,"column":53}},{"start":{"line":45,"column":10},"end":{"line":51,"column":16}},{"start":{"line":53,"column":10},"end":{"line":53,"column":17}},{"start":{"line":54,"column":10},"end":{"line":55,"column":35}}],"line":36},"1":{"loc":{"start":{"line":72,"column":8},"end":{"line":92,"column":9}},"type":"switch","locations":[{"start":{"line":73,"column":10},"end":{"line":76,"column":56}},{"start":{"line":78,"column":10},"end":{"line":79,"column":54}},{"start":{"line":81,"column":10},"end":{"line":87,"column":16}},{"start":{"line":89,"column":10},"end":{"line":89,"column":17}},{"start":{"line":90,"column":10},"end":{"line":91,"column":36}}],"line":72},"2":{"loc":{"start":{"line":109,"column":8},"end":{"line":147,"column":9}},"type":"switch","locations":[{"start":{"line":110,"column":10},"end":{"line":113,"column":56}},{"start":{"line":115,"column":10},"end":{"line":123,"column":54}},{"start":{"line":125,"column":10},"end":{"line":129,"column":16}},{"start":{"line":131,"column":10},"end":{"line":133,"column":18}},{"start":{"line":135,"column":10},"end":{"line":142,"column":16}},{"start":{"line":144,"column":10},"end":{"line":144,"column":18}},{"start":{"line":145,"column":10},"end":{"line":146,"column":36}}],"line":109},"3":{"loc":{"start":{"line":118,"column":12},"end":{"line":121,"column":13}},"type":"if","locations":[{"start":{"line":118,"column":12},"end":{"line":121,"column":13}},{"start":{"line":118,"column":12},"end":{"line":121,"column":13}}],"line":118},"4":{"loc":{"start":{"line":164,"column":8},"end":{"line":191,"column":9}},"type":"switch","locations":[{"start":{"line":165,"column":10},"end":{"line":171,"column":75}},{"start":{"line":173,"column":10},"end":{"line":177,"column":54}},{"start":{"line":179,"column":10},"end":{"line":186,"column":16}},{"start":{"line":188,"column":10},"end":{"line":188,"column":18}},{"start":{"line":189,"column":10},"end":{"line":190,"column":36}}],"line":164},"5":{"loc":{"start":{"line":167,"column":24},"end":{"line":167,"column":84}},"type":"cond-expr","locations":[{"start":{"line":167,"column":45},"end":{"line":167,"column":63}},{"start":{"line":167,"column":66},"end":{"line":167,"column":84}}],"line":167},"6":{"loc":{"start":{"line":207,"column":8},"end":{"line":228,"column":9}},"type":"switch","locations":[{"start":{"line":208,"column":10},"end":{"line":211,"column":55}},{"start":{"line":213,"column":10},"end":{"line":214,"column":54}},{"start":{"line":216,"column":10},"end":{"line":223,"column":16}},{"start":{"line":225,"column":10},"end":{"line":225,"column":18}},{"start":{"line":226,"column":10},"end":{"line":227,"column":36}}],"line":207},"7":{"loc":{"start":{"line":245,"column":8},"end":{"line":284,"column":9}},"type":"switch","locations":[{"start":{"line":246,"column":10},"end":{"line":249,"column":56}},{"start":{"line":251,"column":10},"end":{"line":260,"column":54}},{"start":{"line":262,"column":10},"end":{"line":266,"column":16}},{"start":{"line":268,"column":10},"end":{"line":270,"column":18}},{"start":{"line":272,"column":10},"end":{"line":279,"column":16}},{"start":{"line":281,"column":10},"end":{"line":281,"column":18}},{"start":{"line":282,"column":10},"end":{"line":283,"column":36}}],"line":245},"8":{"loc":{"start":{"line":254,"column":12},"end":{"line":257,"column":13}},"type":"if","locations":[{"start":{"line":254,"column":12},"end":{"line":257,"column":13}},{"start":{"line":254,"column":12},"end":{"line":257,"column":13}}],"line":254},"9":{"loc":{"start":{"line":300,"column":8},"end":{"line":321,"column":9}},"type":"switch","locations":[{"start":{"line":301,"column":10},"end":{"line":307,"column":54}},{"start":{"line":309,"column":10},"end":{"line":316,"column":16}},{"start":{"line":318,"column":10},"end":{"line":318,"column":18}},{"start":{"line":319,"column":10},"end":{"line":320,"column":36}}],"line":300},"10":{"loc":{"start":{"line":337,"column":8},"end":{"line":358,"column":9}},"type":"switch","locations":[{"start":{"line":338,"column":10},"end":{"line":341,"column":53}},{"start":{"line":343,"column":10},"end":{"line":344,"column":54}},{"start":{"line":346,"column":10},"end":{"line":353,"column":16}},{"start":{"line":355,"column":10},"end":{"line":355,"column":18}},{"start":{"line":356,"column":10},"end":{"line":357,"column":36}}],"line":337},"11":{"loc":{"start":{"line":374,"column":8},"end":{"line":395,"column":9}},"type":"switch","locations":[{"start":{"line":375,"column":10},"end":{"line":378,"column":55}},{"start":{"line":380,"column":10},"end":{"line":381,"column":54}},{"start":{"line":383,"column":10},"end":{"line":390,"column":16}},{"start":{"line":392,"column":10},"end":{"line":392,"column":18}},{"start":{"line":393,"column":10},"end":{"line":394,"column":36}}],"line":374},"12":{"loc":{"start":{"line":411,"column":8},"end":{"line":432,"column":9}},"type":"switch","locations":[{"start":{"line":412,"column":10},"end":{"line":415,"column":58}},{"start":{"line":417,"column":10},"end":{"line":418,"column":55}},{"start":{"line":420,"column":10},"end":{"line":427,"column":16}},{"start":{"line":429,"column":10},"end":{"line":429,"column":18}},{"start":{"line":430,"column":10},"end":{"line":431,"column":37}}],"line":411}},"s":{"0":1,"1":1,"2":1,"3":1,"4":1,"5":1,"6":1,"7":1,"8":1,"9":1,"10":1,"11":1,"12":1,"13":1,"14":1,"15":1,"16":1,"17":1,"18":1,"19":1,"20":1,"21":0,"22":0,"23":0,"24":0,"25":0,"26":0,"27":0,"28":0,"29":0,"30":0,"31":0,"32":1,"33":0,"34":1,"35":1,"36":1,"37":0,"38":0,"39":0,"40":0,"41":0,"42":0,"43":0,"44":0,"45":0,"46":0,"47":0,"48":1,"49":0,"50":1,"51":1,"52":1,"53":0,"54":0,"55":0,"56":0,"57":0,"58":0,"59":0,"60":0,"61":0,"62":0,"63":0,"64":0,"65":0,"66":0,"67":0,"68":0,"69":0,"70":0,"71":0,"72":1,"73":0,"74":1,"75":1,"76":1,"77":1,"78":3,"79":3,"80":1,"81":1,"82":1,"83":1,"84":1,"85":1,"86":1,"87":1,"88":0,"89":0,"90":0,"91":0,"92":1,"93":1,"94":1,"95":1,"96":1,"97":1,"98":1,"99":3,"100":3,"101":1,"102":1,"103":1,"104":1,"105":0,"106":0,"107":0,"108":0,"109":1,"110":1,"111":1,"112":1,"113":1,"114":1,"115":1,"116":3,"117":3,"118":1,"119":1,"120":1,"121":1,"122":1,"123":0,"124":0,"125":1,"126":1,"127":0,"128":0,"129":0,"130":0,"131":0,"132":0,"133":0,"134":1,"135":1,"136":1,"137":1,"138":1,"139":1,"140":0,"141":0,"142":0,"143":0,"144":0,"145":0,"146":0,"147":0,"148":0,"149":0,"150":0,"151":0,"152":1,"153":0,"154":1,"155":1,"156":1,"157":0,"158":0,"159":0,"160":0,"161":0,"162":0,"163":0,"164":0,"165":0,"166":0,"167":0,"168":0,"169":1,"170":0,"171":1,"172":1,"173":1,"174":0,"175":0,"176":0,"177":0,"178":0,"179":0,"180":0,"181":0,"182":0,"183":0,"184":0,"185":0,"186":1,"187":0,"188":1,"189":1,"190":1,"191":0,"192":0,"193":0,"194":0,"195":0,"196":0,"197":0,"198":0,"199":0,"200":0,"201":0,"202":0,"203":1,"204":0,"205":1},"f":{"0":1,"1":0,"2":0,"3":0,"4":1,"5":0,"6":0,"7":0,"8":1,"9":0,"10":0,"11":0,"12":1,"13":1,"14":3,"15":1,"16":1,"17":1,"18":3,"19":1,"20":1,"21":1,"22":3,"23":1,"24":1,"25":0,"26":0,"27":0,"28":1,"29":0,"30":0,"31":0,"32":1,"33":0,"34":0,"35":0,"36":1,"37":0,"38":0,"39":0},"b":{"0":[0,0,0,0,0],"1":[0,0,0,0,0],"2":[0,0,0,0,0,0,0],"3":[0,0],"4":[1,1,0,0,1],"5":[0,1],"6":[1,1,0,0,1],"7":[1,1,0,0,0,0,1],"8":[0,1],"9":[0,0,0,0],"10":[0,0,0,0,0],"11":[0,0,0,0,0],"12":[0,0,0,0,0]},"inputSourceMap":{"version":3,"sources":["user.js"],"names":["generateOTP","helperFunctions","generateTokenForOtp","generateTokenForPassword","sendOtpEmail","usernameSchema","userValidations","signupSchema","emailSchema","otpSchema","loginSchema","passwordSchema","getSingleUserByEmail","userServices","validateUsername","req","res","next","validateAsync","body","status","json","message","validateSignUp","checkIfUserAlreadyExists","email","user","console","log","sendOtp","firstName","firstname","OTP","check","confirmationToken","validateEmail","checkIfEmailExists","createTokenForPassword","passwordToken","validateOtp","validateLogin","validatePassword"],"mappings":";;;;;;;;;;;;;AAAA;;AACA;;AACA;;IAEQA,W,GACwCC,iB,CADxCD,W;IAAaE,mB,GAC2BD,iB,CAD3BC,mB;IACjBC,wB,GAA4CF,iB,CAA5CE,wB;IAA0BC,Y,GAAkBH,iB,CAAlBG,Y;IACtBC,c,GACuCC,4B,CADvCD,c;IAAgBE,Y,GACuBD,4B,CADvBC,Y;IAAcC,W,GACSF,4B,CADTE,W;IAClCC,S,GAA2CH,4B,CAA3CG,S;IAAWC,W,GAAgCJ,4B,CAAhCI,W;IAAaC,c,GAAmBL,4B,CAAnBK,c;IACpBC,oB,GAAyBC,sB,CAAzBD,oB;;AAED,IAAME,gBAAgB;AAAA,2FAAG,iBAAOC,GAAP,EAAYC,GAAZ,EAAiBC,IAAjB;AAAA;AAAA;AAAA;AAAA;AAAA;AAAA;AAAA,mBAElBZ,cAAc,CAACa,aAAf,CAA6BH,GAAG,CAACI,IAAjC,CAFkB;;AAAA;AAAA,6CAGjBF,IAAI,EAHa;;AAAA;AAAA;AAAA;AAAA,6CAKjBD,GAAG,CAACI,MAAJ,CAAW,GAAX,EAAgBC,IAAhB,CAAqB;AACxBD,cAAAA,MAAM,EAAE,MADgB;AAExBE,cAAAA,OAAO,EAAE,YAAMA;AAFS,aAArB,CALiB;;AAAA;AAAA;AAAA;AAAA;AAAA;AAAA;AAAA,GAAH;;AAAA,kBAAhBR,gBAAgB;AAAA;AAAA;AAAA,GAAtB;;;;AAYA,IAAMS,cAAc;AAAA,4FAAG,kBAAOR,GAAP,EAAYC,GAAZ,EAAiBC,IAAjB;AAAA;AAAA;AAAA;AAAA;AAAA;AAAA;AAAA,mBAEhBV,YAAY,CAACW,aAAb,CAA2BH,GAAG,CAACI,IAA/B,CAFgB;;AAAA;AAAA,8CAGfF,IAAI,EAHW;;AAAA;AAAA;AAAA;AAAA,8CAKfD,GAAG,CAACI,MAAJ,CAAW,GAAX,EAAgBC,IAAhB,CAAqB;AACxBD,cAAAA,MAAM,EAAE,MADgB;AAExBE,cAAAA,OAAO,EAAE,aAAMA;AAFS,aAArB,CALe;;AAAA;AAAA;AAAA;AAAA;AAAA;AAAA;AAAA,GAAH;;AAAA,kBAAdC,cAAc;AAAA;AAAA;AAAA,GAApB;;;;AAYA,IAAMC,wBAAwB;AAAA,4FAAG,kBAAOT,GAAP,EAAYC,GAAZ,EAAiBC,IAAjB;AAAA;AAAA;AAAA;AAAA;AAAA;AAAA;AAAA;AAAA,mBAEdL,oBAAoB,CAACG,GAAG,CAACI,IAAJ,CAASM,KAAV,CAFN;;AAAA;AAE3BC,YAAAA,IAF2B;;AAAA,gBAG5BA,IAH4B;AAAA;AAAA;AAAA;;AAAA,8CAItBT,IAAI,EAJkB;;AAAA;AAAA,8CAMrBD,GAAG,CAACI,MAAJ,CAAW,GAAX,EAAgBC,IAAhB,CAAqB;AACxBD,cAAAA,MAAM,EAAE,MADgB;AAExBE,cAAAA,OAAO,EAAE;AAFe,aAArB,CANqB;;AAAA;AAAA;AAAA;;AAAA;AAAA;AAAA;AAYhCK,YAAAA,OAAO,CAACC,GAAR;AAZgC,8CAazBZ,GAAG,CAACI,MAAJ,CAAW,GAAX,EAAgBC,IAAhB,CAAqB;AACxBD,cAAAA,MAAM,EAAE,MADgB;AAExBE,cAAAA,OAAO,EAAE;AAFe,aAArB,CAbyB;;AAAA;AAAA;AAAA;AAAA;AAAA;AAAA;AAAA,GAAH;;AAAA,kBAAxBE,wBAAwB;AAAA;AAAA;AAAA,GAA9B;;;;AAoBA,IAAMK,OAAO;AAAA,4FAAG,kBAAOd,GAAP,EAAYC,GAAZ,EAAiBC,IAAjB;AAAA;AAAA;AAAA;AAAA;AAAA;AAAA;AAETa,YAAAA,SAFS,GAEGf,GAAG,CAACI,IAAJ,CAASW,SAAT,GAAqBf,GAAG,CAACI,IAAJ,CAASW,SAA9B,GAA0Cf,GAAG,CAACW,IAAJ,CAASK,SAFtD;AAGfhB,YAAAA,GAAG,CAACiB,GAAJ,GAAUhC,WAAW,EAArB;AACMiC,YAAAA,KAJS,GAID,IAJC;AAAA;AAAA,mBAKT7B,YAAY,CAACW,GAAG,CAACI,IAAJ,CAASM,KAAV,EAAiBK,SAAjB,EAA4Bf,GAAG,CAACiB,GAAhC,EAAqCC,KAArC,CALH;;AAAA;AAMflB,YAAAA,GAAG,CAACmB,iBAAJ,GAAwBhC,mBAAmB,CAAC;AAACuB,cAAAA,KAAK,EAAEV,GAAG,CAACI,IAAJ,CAASM;AAAjB,aAAD,CAA3C;AANe,8CAORR,IAAI,EAPI;;AAAA;AAAA;AAAA;AASfU,YAAAA,OAAO,CAACC,GAAR;AATe,8CAURZ,GAAG,CAACI,MAAJ,CAAW,GAAX,EAAgBC,IAAhB,CAAqB;AACxBD,cAAAA,MAAM,EAAE,MADgB;AAExBE,cAAAA,OAAO,EAAE;AAFe,aAArB,CAVQ;;AAAA;AAAA;AAAA;AAAA;AAAA;AAAA;AAAA,GAAH;;AAAA,kBAAPO,OAAO;AAAA;AAAA;AAAA,GAAb;;;;AAiBA,IAAMM,aAAa;AAAA,4FAAG,kBAAOpB,GAAP,EAAYC,GAAZ,EAAiBC,IAAjB;AAAA;AAAA;AAAA;AAAA;AAAA;AAAA;AAAA,mBAEfT,WAAW,CAACU,aAAZ,CAA0BH,GAAG,CAACI,IAA9B,CAFe;;AAAA;AAAA,8CAGdF,IAAI,EAHU;;AAAA;AAAA;AAAA;AAKrBU,YAAAA,OAAO,CAACC,GAAR;AALqB,8CAMdZ,GAAG,CAACI,MAAJ,CAAW,GAAX,EAAgBC,IAAhB,CAAqB;AACxBD,cAAAA,MAAM,EAAE,MADgB;AAExBE,cAAAA,OAAO,EAAE,aAAMA;AAFS,aAArB,CANc;;AAAA;AAAA;AAAA;AAAA;AAAA;AAAA;AAAA,GAAH;;AAAA,kBAAba,aAAa;AAAA;AAAA;AAAA,GAAnB;;;;AAaA,IAAMC,kBAAkB;AAAA,4FAAG,kBAAOrB,GAAP,EAAYC,GAAZ,EAAiBC,IAAjB;AAAA;AAAA;AAAA;AAAA;AAAA;AAAA;AAAA;AAAA,mBAERL,oBAAoB,CAACG,GAAG,CAACI,IAAJ,CAASM,KAAV,CAFZ;;AAAA;AAErBC,YAAAA,IAFqB;;AAAA,iBAGvBA,IAHuB;AAAA;AAAA;AAAA;;AAIvBX,YAAAA,GAAG,CAACW,IAAJ,GAAWA,IAAX;AAJuB,8CAKhBT,IAAI,EALY;;AAAA;AAAA,8CAOfD,GAAG,CAACI,MAAJ,CAAW,GAAX,EAAgBC,IAAhB,CAAqB;AACxBD,cAAAA,MAAM,EAAE,MADgB;AAExBE,cAAAA,OAAO,EAAE;AAFe,aAArB,CAPe;;AAAA;AAAA;AAAA;;AAAA;AAAA;AAAA;AAa1BK,YAAAA,OAAO,CAACC,GAAR;AAb0B,8CAcnBZ,GAAG,CAACI,MAAJ,CAAW,GAAX,EAAgBC,IAAhB,CAAqB;AACxBD,cAAAA,MAAM,EAAE,MADgB;AAExBE,cAAAA,OAAO,EAAE;AAFe,aAArB,CAdmB;;AAAA;AAAA;AAAA;AAAA;AAAA;AAAA;AAAA,GAAH;;AAAA,kBAAlBc,kBAAkB;AAAA;AAAA;AAAA,GAAxB;;;;AAqBA,IAAMC,sBAAsB;AAAA,4FAAG,kBAAOtB,GAAP,EAAYC,GAAZ,EAAiBC,IAAjB;AAAA;AAAA;AAAA;AAAA;AAAA;AAE9BF,YAAAA,GAAG,CAACuB,aAAJ,GAAoBnC,wBAAwB,CAAC;AAACsB,cAAAA,KAAK,EAAEV,GAAG,CAACW,IAAJ,CAASD;AAAjB,aAAD,CAA5C;AACAE,YAAAA,OAAO,CAACC,GAAR,CAAYb,GAAG,CAACuB,aAAhB;AAH8B,8CAIvBrB,IAAI,EAJmB;;AAAA;AAAA;AAAA;AAM9BU,YAAAA,OAAO,CAACC,GAAR;AAN8B,8CAOvBZ,GAAG,CAACI,MAAJ,CAAW,GAAX,EAAgBC,IAAhB,CAAqB;AACxBD,cAAAA,MAAM,EAAE,MADgB;AAExBE,cAAAA,OAAO,EAAE;AAFe,aAArB,CAPuB;;AAAA;AAAA;AAAA;AAAA;AAAA;AAAA;AAAA,GAAH;;AAAA,kBAAtBe,sBAAsB;AAAA;AAAA;AAAA,GAA5B;;;;AAcA,IAAME,WAAW;AAAA,4FAAG,kBAAOxB,GAAP,EAAYC,GAAZ,EAAiBC,IAAjB;AAAA;AAAA;AAAA;AAAA;AAAA;AAAA;AAAA,mBAEbR,SAAS,CAACS,aAAV,CAAwBH,GAAG,CAACI,IAA5B,CAFa;;AAAA;AAAA,8CAGZF,IAAI,EAHQ;;AAAA;AAAA;AAAA;AAKnBU,YAAAA,OAAO,CAACC,GAAR;AALmB,8CAMZZ,GAAG,CAACI,MAAJ,CAAW,GAAX,EAAgBC,IAAhB,CAAqB;AACxBD,cAAAA,MAAM,EAAE,MADgB;AAExBE,cAAAA,OAAO,EAAE,aAAMA;AAFS,aAArB,CANY;;AAAA;AAAA;AAAA;AAAA;AAAA;AAAA;AAAA,GAAH;;AAAA,kBAAXiB,WAAW;AAAA;AAAA;AAAA,GAAjB;;;;AAaA,IAAMC,aAAa;AAAA,4FAAG,kBAAOzB,GAAP,EAAYC,GAAZ,EAAiBC,IAAjB;AAAA;AAAA;AAAA;AAAA;AAAA;AAAA;AAAA,mBAEfP,WAAW,CAACQ,aAAZ,CAA0BH,GAAG,CAACI,IAA9B,CAFe;;AAAA;AAAA,8CAGdF,IAAI,EAHU;;AAAA;AAAA;AAAA;AAKrBU,YAAAA,OAAO,CAACC,GAAR;AALqB,8CAMdZ,GAAG,CAACI,MAAJ,CAAW,GAAX,EAAgBC,IAAhB,CAAqB;AACxBD,cAAAA,MAAM,EAAE,MADgB;AAExBE,cAAAA,OAAO,EAAE,aAAMA;AAFS,aAArB,CANc;;AAAA;AAAA;AAAA;AAAA;AAAA;AAAA;AAAA,GAAH;;AAAA,kBAAbkB,aAAa;AAAA;AAAA;AAAA,GAAnB;;;;AAaA,IAAMC,gBAAgB;AAAA,6FAAG,mBAAO1B,GAAP,EAAYC,GAAZ,EAAiBC,IAAjB;AAAA;AAAA;AAAA;AAAA;AAAA;AAAA;AAAA,mBAElBN,cAAc,CAACO,aAAf,CAA6BH,GAAG,CAACI,IAAjC,CAFkB;;AAAA;AAAA,+CAGjBF,IAAI,EAHa;;AAAA;AAAA;AAAA;AAKxBU,YAAAA,OAAO,CAACC,GAAR;AALwB,+CAMjBZ,GAAG,CAACI,MAAJ,CAAW,GAAX,EAAgBC,IAAhB,CAAqB;AACxBD,cAAAA,MAAM,EAAE,MADgB;AAExBE,cAAAA,OAAO,EAAE,cAAMA;AAFS,aAArB,CANiB;;AAAA;AAAA;AAAA;AAAA;AAAA;AAAA;AAAA,GAAH;;AAAA,kBAAhBmB,gBAAgB;AAAA;AAAA;AAAA,GAAtB","sourceRoot":"/Users/peculiarerhisohwode/Desktop/Enyata/Team Jupyter - Project/project-backend-generator/src/middlewares/","sourcesContent":["import helperFunctions from '../utils';\nimport { userValidations } from '../validations';\nimport { userServices } from '../services';\n\nconst { generateOTP, generateTokenForOtp,\n    generateTokenForPassword, sendOtpEmail } =  helperFunctions;\nconst { usernameSchema, signupSchema, emailSchema,\n    otpSchema, loginSchema, passwordSchema } = userValidations;\nconst { getSingleUserByEmail } = userServices;\n\nexport const validateUsername = async (req, res, next) => {\n    try {\n        await usernameSchema.validateAsync(req.body);\n        return next();\n    } catch (error) {\n        return res.status(400).json({\n            status: 'Fail',\n            message: error.message\n        });\n    }\n};\n\nexport const validateSignUp = async (req, res, next) => {\n    try {\n        await signupSchema.validateAsync(req.body);\n        return next();\n    } catch (error) {\n        return res.status(400).json({\n            status: 'Fail',\n            message: error.message\n        });\n    }\n};\n\nexport const checkIfUserAlreadyExists = async (req, res, next) => {\n    try {\n       const user = await getSingleUserByEmail(req.body.email);\n       if (!user) {\n           return next();\n       } else {\n            return res.status(409).json({\n                status: 'Fail',\n                message: 'Email already exists!'\n            });\n       }\n    } catch (error) {\n        console.log(error);\n        return res.status(500).json({\n            status: 'Fail',\n            message: 'Something went wrong!'\n        });\n    }\n}\n\nexport const sendOtp = async (req, res, next) => {\n    try {\n        const firstName = req.body.firstName ? req.body.firstName : req.user.firstname;\n        req.OTP = generateOTP();\n        const check = true;\n        await sendOtpEmail(req.body.email, firstName, req.OTP, check);\n        req.confirmationToken = generateTokenForOtp({email: req.body.email});\n        return next();\n    } catch (error) {\n        console.log(error);\n        return res.status(500).json({\n            status: 'Fail',\n            message: 'Something went wrong!'\n        })\n    }\n};\n\nexport const validateEmail = async (req, res, next) => {\n    try {\n        await emailSchema.validateAsync(req.body);\n        return next();\n    } catch (error) {\n        console.log(error);\n        return res.status(400).json({\n            status: 'Fail',\n            message: error.message\n        });\n    }\n}\n\nexport const checkIfEmailExists = async (req, res, next) => {\n    try {\n       const user = await getSingleUserByEmail(req.body.email);\n       if (user) {\n           req.user = user;\n           return next();\n       } else {\n            return res.status(409).json({\n                status: 'Fail',\n                message: 'Email does not exist!'\n            });\n       }\n    } catch (error) {\n        console.log(error);\n        return res.status(500).json({\n            status: 'Fail',\n            message: 'Something went wrong!'\n        });\n    }\n}\n\nexport const createTokenForPassword = async (req, res, next) => {\n    try {\n        req.passwordToken = generateTokenForPassword({email: req.user.email});\n        console.log(req.passwordToken);\n        return next();\n    } catch (error) {\n        console.log(error);\n        return res.status(500).json({\n            status: 'Fail',\n            message: 'Something went wrong!'\n        });\n    }\n}\n\nexport const validateOtp = async (req, res, next) => {\n    try {\n        await otpSchema.validateAsync(req.body);\n        return next();\n    } catch (error) {\n        console.log(error);\n        return res.status(400).json({\n            status: 'Fail',\n            message: error.message\n        });\n    }\n}\n\nexport const validateLogin = async (req, res, next) => {\n    try {\n        await loginSchema.validateAsync(req.body);\n        return next();\n    } catch (error) {\n        console.log(error);\n        return res.status(400).json({\n            status: 'Fail',\n            message: error.message\n        });\n    }\n}\n\nexport const validatePassword = async (req, res, next) => {\n    try {\n        await passwordSchema.validateAsync(req.body);\n        return next();\n    } catch (error) {\n        console.log(error);\n        return res.status(400).json({\n            status: 'Fail',\n            message: error.message\n        });\n    }\n}"]},"_coverageSchema":"1a1c01bbd47fc00a2c39e90264f33305004495a9","hash":"96d71843fd2b3fb5223382e321e28d5e73e7cecf","contentHash":"cf1c1a44f114e1eb187db63d6a7d6285aef43931d613d523e744d9a1e5fee187"},"/Users/peculiarerhisohwode/Desktop/Enyata/Team Jupyter - Project/project-backend-generator/src/utils/index.js":{"path":"/Users/peculiarerhisohwode/Desktop/Enyata/Team Jupyter - Project/project-backend-generator/src/utils/index.js","statementMap":{"0":{"start":{"line":3,"column":30},"end":{"line":3,"column":86}},"1":{"start":{"line":5,"column":0},"end":{"line":7,"column":3}},"2":{"start":{"line":8,"column":0},"end":{"line":8,"column":28}},"3":{"start":{"line":10,"column":22},"end":{"line":10,"column":67}},"4":{"start":{"line":12,"column":15},"end":{"line":12,"column":30}},"5":{"start":{"line":13,"column":0},"end":{"line":13,"column":30}}},"fnMap":{},"branchMap":{},"s":{"0":1,"1":1,"2":1,"3":1,"4":1,"5":1},"f":{},"b":{},"inputSourceMap":{"version":3,"sources":["index.js"],"names":["helperFunctions"],"mappings":";;;;;;;;;AAAA;;eAEeA,e","sourceRoot":"/Users/peculiarerhisohwode/Desktop/Enyata/Team Jupyter - Project/project-backend-generator/src/utils/","sourcesContent":["import * as helperFunctions from './helpers';\n\nexport default helperFunctions;"]},"_coverageSchema":"1a1c01bbd47fc00a2c39e90264f33305004495a9","hash":"3d6f76000af0ac366041d7416b5652778d8e98cb","contentHash":"3332256b58295511fd981b106769e8e9ee5cdfc6a466d82bf0a7b09232a9f749"},"/Users/peculiarerhisohwode/Desktop/Enyata/Team Jupyter - Project/project-backend-generator/src/utils/helpers.js":{"path":"/Users/peculiarerhisohwode/Desktop/Enyata/Team Jupyter - Project/project-backend-generator/src/utils/helpers.js","statementMap":{"0":{"start":{"line":3,"column":29},"end":{"line":3,"column":84}},"1":{"start":{"line":5,"column":0},"end":{"line":7,"column":3}},"2":{"start":{"line":8,"column":0},"end":{"line":8,"column":260}},"3":{"start":{"line":10,"column":19},"end":{"line":10,"column":80}},"4":{"start":{"line":12,"column":25},"end":{"line":12,"column":99}},"5":{"start":{"line":14,"column":16},"end":{"line":14,"column":35}},"6":{"start":{"line":16,"column":12},"end":{"line":16,"column":27}},"7":{"start":{"line":18,"column":24},"end":{"line":18,"column":52}},"8":{"start":{"line":20,"column":20},"end":{"line":20,"column":67}},"9":{"start":{"line":22,"column":14},"end":{"line":22,"column":55}},"10":{"start":{"line":24,"column":12},"end":{"line":24,"column":61}},"11":{"start":{"line":26,"column":0},"end":{"line":26,"column":28}},"12":{"start":{"line":28,"column":11},"end":{"line":28,"column":41}},"13":{"start":{"line":29,"column":16},"end":{"line":29,"column":38}},"14":{"start":{"line":30,"column":18},"end":{"line":30,"column":46}},"15":{"start":{"line":31,"column":18},"end":{"line":31,"column":46}},"16":{"start":{"line":33,"column":16},"end":{"line":35,"column":1}},"17":{"start":{"line":34,"column":2},"end":{"line":34,"column":45}},"18":{"start":{"line":37,"column":0},"end":{"line":37,"column":30}},"19":{"start":{"line":39,"column":19},"end":{"line":41,"column":1}},"20":{"start":{"line":40,"column":2},"end":{"line":40,"column":25}},"21":{"start":{"line":43,"column":0},"end":{"line":43,"column":36}},"22":{"start":{"line":45,"column":18},"end":{"line":52,"column":1}},"23":{"start":{"line":46,"column":2},"end":{"line":51,"column":5}},"24":{"start":{"line":54,"column":0},"end":{"line":54,"column":34}},"25":{"start":{"line":56,"column":26},"end":{"line":60,"column":1}},"26":{"start":{"line":57,"column":2},"end":{"line":59,"column":5}},"27":{"start":{"line":62,"column":0},"end":{"line":62,"column":50}},"28":{"start":{"line":64,"column":18},"end":{"line":71,"column":1}},"29":{"start":{"line":65,"column":2},"end":{"line":70,"column":5}},"30":{"start":{"line":66,"column":4},"end":{"line":69,"column":6}},"31":{"start":{"line":73,"column":0},"end":{"line":73,"column":34}},"32":{"start":{"line":75,"column":18},"end":{"line":77,"column":1}},"33":{"start":{"line":76,"column":2},"end":{"line":76,"column":54}},"34":{"start":{"line":79,"column":0},"end":{"line":79,"column":34}},"35":{"start":{"line":81,"column":31},"end":{"line":85,"column":1}},"36":{"start":{"line":82,"column":2},"end":{"line":84,"column":5}},"37":{"start":{"line":87,"column":0},"end":{"line":87,"column":60}},"38":{"start":{"line":89,"column":28},"end":{"line":93,"column":1}},"39":{"start":{"line":90,"column":2},"end":{"line":92,"column":5}},"40":{"start":{"line":95,"column":0},"end":{"line":95,"column":54}},"41":{"start":{"line":97,"column":25},"end":{"line":107,"column":1}},"42":{"start":{"line":98,"column":15},"end":{"line":98,"column":69}},"43":{"start":{"line":99,"column":12},"end":{"line":105,"column":3}},"44":{"start":{"line":106,"column":2},"end":{"line":106,"column":13}},"45":{"start":{"line":109,"column":26},"end":{"line":118,"column":1}},"46":{"start":{"line":110,"column":12},"end":{"line":116,"column":3}},"47":{"start":{"line":117,"column":2},"end":{"line":117,"column":13}},"48":{"start":{"line":120,"column":32},"end":{"line":148,"column":3}},"49":{"start":{"line":121,"column":13},"end":{"line":143,"column":5}},"50":{"start":{"line":123,"column":4},"end":{"line":142,"column":16}},"51":{"start":{"line":124,"column":6},"end":{"line":141,"column":7}},"52":{"start":{"line":125,"column":8},"end":{"line":140,"column":9}},"53":{"start":{"line":127,"column":12},"end":{"line":127,"column":52}},"54":{"start":{"line":129,"column":12},"end":{"line":129,"column":62}},"55":{"start":{"line":130,"column":12},"end":{"line":130,"column":30}},"56":{"start":{"line":131,"column":12},"end":{"line":135,"column":15}},"57":{"start":{"line":132,"column":14},"end":{"line":132,"column":50}},"58":{"start":{"line":134,"column":14},"end":{"line":134,"column":35}},"59":{"start":{"line":139,"column":12},"end":{"line":139,"column":35}},"60":{"start":{"line":145,"column":2},"end":{"line":147,"column":4}},"61":{"start":{"line":146,"column":4},"end":{"line":146,"column":39}},"62":{"start":{"line":150,"column":0},"end":{"line":150,"column":36}},"63":{"start":{"line":152,"column":33},"end":{"line":180,"column":3}},"64":{"start":{"line":153,"column":14},"end":{"line":175,"column":5}},"65":{"start":{"line":155,"column":4},"end":{"line":174,"column":17}},"66":{"start":{"line":156,"column":6},"end":{"line":173,"column":7}},"67":{"start":{"line":157,"column":8},"end":{"line":172,"column":9}},"68":{"start":{"line":159,"column":12},"end":{"line":159,"column":52}},"69":{"start":{"line":161,"column":12},"end":{"line":161,"column":58}},"70":{"start":{"line":162,"column":12},"end":{"line":162,"column":31}},"71":{"start":{"line":163,"column":12},"end":{"line":167,"column":15}},"72":{"start":{"line":164,"column":14},"end":{"line":164,"column":50}},"73":{"start":{"line":166,"column":14},"end":{"line":166,"column":35}},"74":{"start":{"line":171,"column":12},"end":{"line":171,"column":36}},"75":{"start":{"line":177,"column":2},"end":{"line":179,"column":4}},"76":{"start":{"line":178,"column":4},"end":{"line":178,"column":40}},"77":{"start":{"line":182,"column":0},"end":{"line":182,"column":38}}},"fnMap":{"0":{"name":"hashInput","decl":{"start":{"line":33,"column":25},"end":{"line":33,"column":34}},"loc":{"start":{"line":33,"column":41},"end":{"line":35,"column":1}},"line":33},"1":{"name":"generateUUID","decl":{"start":{"line":39,"column":28},"end":{"line":39,"column":40}},"loc":{"start":{"line":39,"column":43},"end":{"line":41,"column":1}},"line":39},"2":{"name":"generateOTP","decl":{"start":{"line":45,"column":27},"end":{"line":45,"column":38}},"loc":{"start":{"line":45,"column":41},"end":{"line":52,"column":1}},"line":45},"3":{"name":"generateTokenForOtp","decl":{"start":{"line":56,"column":35},"end":{"line":56,"column":54}},"loc":{"start":{"line":56,"column":61},"end":{"line":60,"column":1}},"line":56},"4":{"name":"decodeToken","decl":{"start":{"line":64,"column":27},"end":{"line":64,"column":38}},"loc":{"start":{"line":64,"column":46},"end":{"line":71,"column":1}},"line":64},"5":{"name":"(anonymous_5)","decl":{"start":{"line":65,"column":59},"end":{"line":65,"column":60}},"loc":{"start":{"line":65,"column":80},"end":{"line":70,"column":3}},"line":65},"6":{"name":"verifyInput","decl":{"start":{"line":75,"column":27},"end":{"line":75,"column":38}},"loc":{"start":{"line":75,"column":57},"end":{"line":77,"column":1}},"line":75},"7":{"name":"generateTokenForPassword","decl":{"start":{"line":81,"column":40},"end":{"line":81,"column":64}},"loc":{"start":{"line":81,"column":71},"end":{"line":85,"column":1}},"line":81},"8":{"name":"generateTokenForLogin","decl":{"start":{"line":89,"column":37},"end":{"line":89,"column":58}},"loc":{"start":{"line":89,"column":65},"end":{"line":93,"column":1}},"line":89},"9":{"name":"emailMessageForOTP","decl":{"start":{"line":97,"column":34},"end":{"line":97,"column":52}},"loc":{"start":{"line":97,"column":78},"end":{"line":107,"column":1}},"line":97},"10":{"name":"emailMessageForLink","decl":{"start":{"line":109,"column":35},"end":{"line":109,"column":54}},"loc":{"start":{"line":109,"column":75},"end":{"line":118,"column":1}},"line":109},"11":{"name":"(anonymous_11)","decl":{"start":{"line":120,"column":32},"end":{"line":120,"column":33}},"loc":{"start":{"line":120,"column":44},"end":{"line":148,"column":1}},"line":120},"12":{"name":"_callee","decl":{"start":{"line":121,"column":100},"end":{"line":121,"column":107}},"loc":{"start":{"line":121,"column":133},"end":{"line":143,"column":3}},"line":121},"13":{"name":"_callee$","decl":{"start":{"line":123,"column":49},"end":{"line":123,"column":57}},"loc":{"start":{"line":123,"column":68},"end":{"line":142,"column":5}},"line":123},"14":{"name":"(anonymous_14)","decl":{"start":{"line":131,"column":51},"end":{"line":131,"column":52}},"loc":{"start":{"line":131,"column":71},"end":{"line":133,"column":13}},"line":131},"15":{"name":"(anonymous_15)","decl":{"start":{"line":133,"column":24},"end":{"line":133,"column":25}},"loc":{"start":{"line":133,"column":41},"end":{"line":135,"column":13}},"line":133},"16":{"name":"sendOtpEmail","decl":{"start":{"line":145,"column":18},"end":{"line":145,"column":30}},"loc":{"start":{"line":145,"column":50},"end":{"line":147,"column":3}},"line":145},"17":{"name":"(anonymous_17)","decl":{"start":{"line":152,"column":33},"end":{"line":152,"column":34}},"loc":{"start":{"line":152,"column":45},"end":{"line":180,"column":1}},"line":152},"18":{"name":"_callee2","decl":{"start":{"line":153,"column":101},"end":{"line":153,"column":109}},"loc":{"start":{"line":153,"column":130},"end":{"line":175,"column":3}},"line":153},"19":{"name":"_callee2$","decl":{"start":{"line":155,"column":49},"end":{"line":155,"column":58}},"loc":{"start":{"line":155,"column":70},"end":{"line":174,"column":5}},"line":155},"20":{"name":"(anonymous_20)","decl":{"start":{"line":163,"column":51},"end":{"line":163,"column":52}},"loc":{"start":{"line":163,"column":71},"end":{"line":165,"column":13}},"line":163},"21":{"name":"(anonymous_21)","decl":{"start":{"line":165,"column":24},"end":{"line":165,"column":25}},"loc":{"start":{"line":165,"column":41},"end":{"line":167,"column":13}},"line":165},"22":{"name":"sendLinkEmail","decl":{"start":{"line":177,"column":18},"end":{"line":177,"column":31}},"loc":{"start":{"line":177,"column":47},"end":{"line":179,"column":3}},"line":177}},"branchMap":{"0":{"loc":{"start":{"line":98,"column":15},"end":{"line":98,"column":69}},"type":"cond-expr","locations":[{"start":{"line":98,"column":23},"end":{"line":98,"column":50}},{"start":{"line":98,"column":53},"end":{"line":98,"column":69}}],"line":98},"1":{"loc":{"start":{"line":102,"column":13},"end":{"line":102,"column":55}},"type":"cond-expr","locations":[{"start":{"line":102,"column":21},"end":{"line":102,"column":41}},{"start":{"line":102,"column":44},"end":{"line":102,"column":55}}],"line":102},"2":{"loc":{"start":{"line":103,"column":71},"end":{"line":103,"column":104}},"type":"cond-expr","locations":[{"start":{"line":103,"column":79},"end":{"line":103,"column":94}},{"start":{"line":103,"column":97},"end":{"line":103,"column":104}}],"line":103},"3":{"loc":{"start":{"line":104,"column":86},"end":{"line":104,"column":119}},"type":"cond-expr","locations":[{"start":{"line":104,"column":94},"end":{"line":104,"column":109}},{"start":{"line":104,"column":112},"end":{"line":104,"column":119}}],"line":104},"4":{"loc":{"start":{"line":125,"column":8
[...]
;AAEbK,YAAAA,MAFa,GAEFN,GAAG,CAACO,IAFF,CAEbD,MAFa;AAGfQ,YAAAA,IAHe,mCAGHd,GAAG,CAACG,IAHD;AAGOG,cAAAA,MAAM,EAANA;AAHP;AAAA;AAAA,mBAIQR,0BAA0B,CAACgB,IAAD,CAJlC;;AAAA;AAIf2B,YAAAA,cAJe;AAKjBC,YAAAA,aALiB,GAKD,CALC;AAMrBD,YAAAA,cAAc,CAACE,OAAf,CAAuB,UAACC,EAAD,EAAQ;AAC3B,kBAAIA,EAAE,CAACC,MAAH,KAAc,IAAlB,EACA;AACIH,gBAAAA,aAAa,GAAGE,EAAE,CAACjB,OAAnB;AACH;;AACD,qBAAOe,aAAP;AACH,aAND;AAOAA,YAAAA,aAAa,GAAGd,MAAM,CAACc,aAAD,CAAN,GAAsB,GAAtC;AAbqB,8CAcdzC,GAAG,CAACU,MAAJ,CAAW,GAAX,EAAgBC,IAAhB,CAAqB;AACxBD,cAAAA,MAAM,EAAE,SADgB;AAExBE,cAAAA,OAAO,EAAE,iCAFe;AAGxBC,cAAAA,IAAI,EAAE;AAAEgC,gBAAAA,iBAAiB,EAAE9C,GAAG,CAACG,IAAJ,CAASsB,MAA9B;AAAsCE,gBAAAA,OAAO,EAAEe;AAA/C;AAHkB,aAArB,CAdc;;AAAA;AAAA;AAAA;AAqBrBlC,YAAAA,OAAO,CAACC,GAAR;AArBqB,8CAsBdR,GAAG,CAACU,MAAJ,CAAW,GAAX,EAAgBC,IAAhB,CAAqB;AACxBD,cAAAA,MAAM,EAAE,MADgB;AAExBE,cAAAA,OAAO,EAAE;AAFe,aAArB,CAtBc;;AAAA;AAAA;AAAA;AAAA;AAAA;AAAA;AAAA,GAAH;;AAAA,kBAAb2B,aAAa;AAAA;AAAA;AAAA,GAAnB;;;;AA6BA,IAAMO,qBAAqB;AAAA,4FAAG,kBAAO/C,GAAP,EAAYC,GAAZ;AAAA;AAAA;AAAA;AAAA;AAAA;AAAA;AAEvB+C,YAAAA,UAFuB,GAEVpB,MAAM,CAAC5B,GAAG,CAACU,MAAJ,CAAWiB,OAAZ,CAAN,GAA2B,GAFjB;AAAA,8CAGtB1B,GAAG,CAACU,MAAJ,CAAW,GAAX,EAAgBC,IAAhB,CAAqB;AACxBD,cAAAA,MAAM,EAAE,SADgB;AAExBE,cAAAA,OAAO,EAAE,sCAFe;AAGxBC,cAAAA,IAAI,EAAE;AAAE,2BAAWkC;AAAb;AAHkB,aAArB,CAHsB;;AAAA;AAAA;AAAA;AAS7BxC,YAAAA,OAAO,CAACC,GAAR;AAT6B,8CAUtBR,GAAG,CAACU,MAAJ,CAAW,GAAX,EAAgBC,IAAhB,CAAqB;AACxBD,cAAAA,MAAM,EAAE,MADgB;AAExBE,cAAAA,OAAO,EAAE;AAFe,aAArB,CAVsB;;AAAA;AAAA;AAAA;AAAA;AAAA;AAAA;AAAA,GAAH;;AAAA,kBAArBkC,qBAAqB;AAAA;AAAA;AAAA,GAA3B;;;;AAiBA,IAAME,0BAA0B;AAAA,6FAAG,mBAAOjD,GAAP,EAAYC,GAAZ;AAAA;AAAA;AAAA;AAAA;AAAA;AAAA;AAAA;AAAA,mBAEH,uCAAwBD,GAAG,CAACO,IAAJ,CAASD,MAAjC,EAAyCN,GAAG,CAACkD,QAA7C,CAFG;;AAAA;AAE5BC,YAAAA,gBAF4B;AAGlCA,YAAAA,gBAAgB,CAACR,OAAjB,CAAyB,UAACC,EAAD,EAAQ;AAC7BA,cAAAA,EAAE,CAACnB,MAAH,GAAYG,MAAM,CAACgB,EAAE,CAACnB,MAAJ,CAAN,GAAkB,GAA9B;AACH,aAFD;AAHkC,+CAM3BxB,GAAG,CAACU,MAAJ,CAAW,GAAX,EAAgBC,IAAhB,CAAqB;AACxBD,cAAAA,MAAM,EAAE,SADgB;AAExBE,cAAAA,OAAO,EAAE,2CAFe;AAGxBC,cAAAA,IAAI,EAAEqC;AAHkB,aAArB,CAN2B;;AAAA;AAAA;AAAA;AAYlC3C,YAAAA,OAAO,CAACC,GAAR;AAZkC,+CAa3BR,GAAG,CAACU,MAAJ,CAAW,GAAX,EAAgBC,IAAhB,CAAqB;AACxBD,cAAAA,MAAM,EAAE,MADgB;AAExBE,cAAAA,OAAO,EAAE;AAFe,aAArB,CAb2B;;AAAA;AAAA;AAAA;AAAA;AAAA;AAAA;AAAA,GAAH;;AAAA,kBAA1BoC,0BAA0B;AAAA;AAAA;AAAA,GAAhC;;;;AAoBA,IAAMG,kCAAkC;AAAA,6FAAG,mBAAOpD,GAAP,EAAYC,GAAZ;AAAA;AAAA;AAAA;AAAA;AAAA;AAAA;AAEpCa,YAAAA,IAFoC,mCAExBd,GAAG,CAACG,IAFoB,GAEXH,GAAG,CAACkD,QAFO;AAAA;AAAA,mBAGH,+CAAgClD,GAAG,CAACO,IAAJ,CAASD,MAAzC,EAAiDQ,IAAjD,CAHG;;AAAA;AAGpCuC,YAAAA,wBAHoC;AAI1CA,YAAAA,wBAAwB,CAACV,OAAzB,CAAiC,UAACC,EAAD,EAAQ;AACrCA,cAAAA,EAAE,CAACnB,MAAH,GAAYG,MAAM,CAACgB,EAAE,CAACnB,MAAJ,CAAN,GAAkB,GAA9B;AACH,aAFD;AAJ0C,+CAOnCxB,GAAG,CAACU,MAAJ,CAAW,GAAX,EAAgBC,IAAhB,CAAqB;AACxBD,cAAAA,MAAM,EAAE,SADgB;AAExBE,cAAAA,OAAO,EAAE,oDAFe;AAGxBC,cAAAA,IAAI,EAAEuC;AAHkB,aAArB,CAPmC;;AAAA;AAAA;AAAA;AAa1C7C,YAAAA,OAAO,CAACC,GAAR;AAb0C,+CAcnCR,GAAG,CAACU,MAAJ,CAAW,GAAX,EAAgBC,IAAhB,CAAqB;AACxBD,cAAAA,MAAM,EAAE,MADgB;AAExBE,cAAAA,OAAO,EAAE;AAFe,aAArB,CAdmC;;AAAA;AAAA;AAAA;AAAA;AAAA;AAAA;AAAA,GAAH;;AAAA,kBAAlCuC,kCAAkC;AAAA;AAAA;AAAA,GAAxC","sourceRoot":"/Users/peculiarerhisohwode/Desktop/Enyata/Team Jupyter - Project/project-backend-generator/src/controllers/","sourcesContent":["import helperFunctions from '../utils';\nimport { walletServices, getHistoryArrayByUserId,\n    getFilteredHistoryArrayByUserId } from '../services';\n\nconst { hashInput } = helperFunctions;\nconst { addWalletDetails, updatePinResetToken, retrieveWalletByUserId, updatePinResetStatus, updatePin,\n    updateBalanceAfterDeposit, updateBalanceAfterTransfer\n} = walletServices;\n\nexport const createWalletWithPin = async (req, res) => {\n    try {\n        const pinHash = hashInput(req.body.pin);\n        const walletDetails = { pinHash, userId: req.user.userId };\n        console.log(req.user.userId, walletDetails);\n        const wallet = await addWalletDetails(walletDetails);\n        return res.status(201).json({\n            status: 'Success',\n            message: 'Pin created successfully!',\n            data: wallet,\n        });\n    } catch (error) {\n        console.log(error);\n        return res.status(500).json({\n            status: 'Fail',\n            message: 'Something went wrong'\n        });\n    }\n};\n\nexport const updateResetToken = async (req, res) => {\n    try {\n        await updatePinResetToken(req.pinResetToken, req.user.userId);\n        return res.status(201).json({\n            status: 'Success',\n            message: 'An OTP has been sent to your email for PIN reset'\n        })\n    } catch (error) {\n        console.log(error);\n        return res.status(500).json({\n            status: 'Fail',\n            message: 'Something went wrong!'\n        })\n    }\n};\n\nexport const confirmPinOTP = async (req, res) => {\n    try {\n        if (req.body.otp === req.decodedData.otp) {\n           await updatePinResetStatus(req.user.userId);\n            return res.status(201).json({\n                status: 'Success',\n                message: 'Reset pin OTP code is valid'\n            });\n        }\n        return res.status(401).json({\n            status: 'Fail',\n            message: 'Invalid OTP entered'\n        })\n    } catch (error) {\n        console.log(error);\n        return res.status(500).json({\n            status: 'Fail',\n            message: 'Something went wrong!'\n        })\n    }\n};\n\nexport const changePin = async (req, res) => {\n    try {\n        const { is_pin_reset_confirmed: isPinResetConfirmed } = await retrieveWalletByUserId(req.user.userId);\n        if (isPinResetConfirmed) {\n            const newPin = hashInput(req.body.pin);\n            await updatePin(newPin, req.user.userId);\n            return res.status(201).json({\n                status: 'Success',\n                message: 'Pin reset successfully',\n            })  \n        } else {\n            return res.status(401).json({\n                status: 'Fail',\n                message: 'Pin reset OTP not yet verified'\n            })\n        }\n    } catch (error) {\n        console.log(error);\n        return res.status(500).json({\n            status: 'Fail',\n            message: 'Something went wrong!'\n        })\n    }\n};\n\nexport const fundWallet = async (req, res) => {\n    try {\n        const updatedWallet = await updateBalanceAfterDeposit(req.body.amount, req.user.userId);\n        const balance = Number((updatedWallet.balance))/100;\n        return res.status(201).json({\n            status: 'Success',\n            message: 'Wallet funded successfully!',\n            data: { ...updatedWallet, balance, amount_funded: req.body.amount }\n        })\n    } catch (error) {\n        console.log(error);\n        return res.status(500).json({\n            status: 'Fail',\n            message: 'Something went wrong!'\n        })  \n    }\n};\n\nexport const checkIfRecipientHasActivatedWallet = async (req, res) => {\n    try {\n        const { first_name: firstName, last_name: lastName, id: userId } = req.receiver;\n        const fullName = `${firstName} ${lastName}`;\n        const wallet = await retrieveWalletByUserId(userId);\n        if (!wallet) {\n            return res.status(404).json({\n                status: 'Fail',\n                message: `Recipient '${fullName}' yet to activate wallet`\n            })\n        }\n        return res.status(201).json({\n                status: 'Success',\n                message: `Recipient '${fullName}' found`\n            })\n    } catch (error) {\n        console.log(error);\n        return res.status(500).json({\n            status: 'Fail',\n            message: 'Something went wrong!'\n        }) \n    }\n}\n\nexport const checkIfBalanceIsSufficient = async (req, res) => {\n    try {\n        const realBalance = Number(req.wallet.balance)/100;\n        if (req.body.amount <= realBalance)\n        return res.status(201).json({\n            status: 'Success',\n            message: 'Balance is sufficient',\n            balance: realBalance\n        })\n        else {\n            return res.status(409).json({\n                status: 'Fail',\n                message: 'Insufficient balance. Please input a lower amount',\n                balance: realBalance\n            })\n        }\n    } catch (error) {\n        return res.status(500).json({\n            status: 'Fail',\n            message: 'Something went wrong!'\n        })  \n    }\n};\n\nexport const transferFunds = async (req, res) => {\n    try {\n        const { userId } = req.user;\n        const data = { ...req.body, userId };\n        const updatedWallets = await updateBalanceAfterTransfer(data);\n        let senderBalance = 0;\n        updatedWallets.forEach((el) => {\n            if (el.sender === true)\n            {\n                senderBalance = el.balance\n            }\n            return senderBalance;\n        })\n        senderBalance = Number(senderBalance)/100;\n        return res.status(201).json({\n            status: 'Success',\n            message: 'Funds transferred successfully!',\n            data: { amountTransferred: req.body.amount, balance: senderBalance }\n\n        })\n    } catch (error) {\n        console.log(error);\n        return res.status(500).json({\n            status: 'Fail',\n            message: 'Something went wrong!'\n        })  \n    }\n};\n\nexport const retrieveWalletBalance = async (req, res) => {\n    try {\n        const newBalance = Number(req.wallet.balance)/100;\n        return res.status(200).json({\n            status: 'Success',\n            message: 'Wallet balance fetched successfully!',\n            data: { 'balance': newBalance }\n        })\n    } catch (error) {\n        console.log(error);\n        return res.status(500).json({\n            status: 'Fail',\n            message: 'Something went wrong!'\n        }) \n    }\n};\n\nexport const retrieveTransactionHistory = async (req, res) => {\n    try {\n        const retrievedHistory = await getHistoryArrayByUserId(req.user.userId, req.pageData);\n        retrievedHistory.forEach((el) => {\n            el.amount = Number(el.amount)/100;\n        });\n        return res.status(200).json({\n            status: 'Success',\n            message: 'Transaction history fetched successfully!',\n            data: retrievedHistory\n        })\n    } catch (error) {\n        console.log(error);\n        return res.status(500).json({\n            status: 'Fail',\n            message: 'Something went wrong!'\n        }) \n    }\n};\n\nexport const retrieveFilteredTransactionHistory = async (req, res) => {\n    try {\n        const data = { ...req.body, ...req.pageData };\n        const retrievedFilteredHistory = await getFilteredHistoryArrayByUserId(req.user.userId, data);\n        retrievedFilteredHistory.forEach((el) => {\n            el.amount = Number(el.amount)/100;\n        });\n        return res.status(201).json({\n            status: 'Success',\n            message: 'Filtered transaction history fetched successfully!',\n            data: retrievedFilteredHistory\n        })\n    } catch (error) {\n        console.log(error);\n        return res.status(500).json({\n            status: 'Fail',\n            message: 'Something went wrong!'\n        }) \n    }\n};\n"]},"_coverageSchema":"1a1c01bbd47fc00a2c39e90264f33305004495a9","hash":"32393459b5617efe22ce19b100a09404ceb01884","contentHash":"a5a6f4373c712c1acc8807cc721922a486e2b0ad090aeb3cb04309f7ca616c5a"},"/Users/peculiarerhisohwode/Desktop/Enyata/Team Jupyter - Project/project-backend-generator/src/routes/wallet.js":{"path":"/Users/peculiarerhisohwode/Desktop/Enyata/Team Jupyter - Project/project-backend-generator/src/routes/wallet.js","statementMap":{"0":{"start":{"line":3,"column":29},"end":{"line":3,"column":84}},"1":{"start":{"line":5,"column":0},"end":{"line":7,"column":3}},"2":{"start":{"line":8,"column":0},"end":{"line":8,"column":28}},"3":{"start":{"line":10,"column":15},"end":{"line":10,"column":57}},"4":{"start":{"line":12,"column":19},"end":{"line":12,"column":44}},"5":{"start":{"line":14,"column":19},"end":{"line":14,"column":44}},"6":{"start":{"line":16,"column":19},"end":{"line":16,"column":47}},"7":{"start":{"line":18,"column":29},"end":{"line":18,"column":80}},"8":{"start":{"line":19,"column":18},"end":{"line":19,"column":58}},"9":{"start":{"line":20,"column":18},"end":{"line":20,"column":60}},"10":{"start":{"line":21,"column":17},"end":{"line":21,"column":58}},"11":{"start":{"line":22,"column":27},"end":{"line":22,"column":78}},"12":{"start":{"line":23,"column":21},"end":{"line":23,"column":66}},"13":{"start":{"line":24,"column":36},"end":{"line":24,"column":96}},"14":{"start":{"line":25,"column":32},"end":{"line":25,"column":88}},"15":{"start":{"line":26,"column":29},"end":{"line":26,"column":82}},"16":{"start":{"line":27,"column":23},"end":{"line":27,"column":70}},"17":{"start":{"line":28,"column":26},"end":{"line":28,"column":76}},"18":{"start":{"line":29,"column":30},"end":{"line":29,"column":84}},"19":{"start":{"line":30,"column":26},"end":{"line":30,"column":76}},"20":{"start":{"line":31,"column":23},"end":{"line":31,"column":70}},"21":{"start":{"line":32,"column":20},"end":{"line":32,"column":64}},"22":{"start":{"line":33,"column":16},"end":{"line":33,"column":56}},"23":{"start":{"line":34,"column":17},"end":{"line":34,"column":58}},"24":{"start":{"line":35,"column":41},"end":{"line":35,"column":106}},"25":{"start":{"line":36,"column":33},"end":{"line":36,"column":90}},"26":{"start":{"line":37,"column":20},"end":{"line":37,"column":64}},"27":{"start":{"line":38,"column":28},"end":{"line":38,"column":80}},"28":{"start":{"line":39,"column":33},"end":{"line":39,"column":90}},"29":{"start":{"line":40,"column":41},"end":{"line":40,"column":106}},"30":{"start":{"line":41,"column":0},"end":{"line":41,"column":41}},"31":{"start":{"line":42,"column":0},"end":{"line":42,"column":67}},"32":{"start":{"line":43,"column":0},"end":{"line":43,"column":63}},"33":{"start":{"line":44,"column":0},"end":{"line":44,"column":94}},"34":{"start":{"line":45,"column":0},"end":{"line":45,"column":56}},"35":{"start":{"line":46,"column":0},"end":{"line":46,"column":89}},"36":{"start":{"line":47,"column":0},"end":{"line":47,"column":127}},"37":{"start":{"line":48,"column":0},"end":{"line":48,"column":113}},"38":{"start":{"line":49,"column":0},"end":{"line":49,"column":116}},"39":{"start":{"line":50,"column":0},"end":{"line":50,"column":83}},"40":{"start":{"line":51,"column":0},"end":{"line":51,"column":125}},"41":{"start":{"line":52,"column":0},"end":{"line":52,"column":143}},"42":{"start":{"line":53,"column":0},"end":{"line":53,"column":67}},"43":{"start":{"line":54,"column":15},"end":{"line":54,"column":27}},"44":{"start":{"line":55,"column":0},"end":{"line":55,"column":30}}},"fnMap":{},"branchMap":{},"s":{"0":1,"1":1,"2":1,"3":1,"4":1,"5":1,"6":1,"7":1,"8":1,"9":1,"10":1,"11":1,"12":1,"13":1,"14":1,"15":1,"16":1,"17":1,"18":1,"19":1,"20":1,"21":1,"22":1,"23":1,"24":1,"25":1,"26":1,"27":1,"28":1,"29":1,"30":1,"31":1,"32":1,"33":1,"34":1,"35":1,"36":1,"37":1,"38":1,"39":1,"40":1,"41":1,"42":1,"43":1,"44":1},"f":{},"b":{},"inputSourceMap":{"version":3,"sources":["wallet.js"],"names":["walletRouter","express","Router","authenticateLoginToken","authMiddlewares","validateOtp","userMiddlewares","validatePin","walletMiddlewares","sendPinOTP","checkIfOTPHasExpired","validateAmount","checkIfUserHasActivatedWallet","validateRecipientUsername","checkIfRecipientExists","validateTransfer","checkIfPinIsCorrect","checkPageNumberAndLimit","createWalletWithPin","walletControllers","updateResetToken","confirmPinOTP","changePin","fundWallet","checkIfRecipientHasActivatedWallet","checkIfBalanceIsSufficient","transferFunds","retrieveWalletBalance","retrieveTransactionHistory","retrieveFilteredTransactionHistory","use","post","get"],"mappings":";;;;;;;;;AAAA;;AAEA;;AACA;;AAEA,IAAMA,YAAY,GAAGC,oBAAQC,MAAR,EAArB;;IAEQC,sB,GAA2BC,4B,CAA3BD,sB;IACAE,W,GAAgBC,4B,CAAhBD,W;IAEAE,W,GAGJC,8B,CAHID,W;IAAaE,U,GAGjBD,8B,CAHiBC,U;IAAYC,oB,GAG7BF,8B,CAH6BE,oB;IAC7BC,c,GAEAH,8B,CAFAG,c;IAAgBC,6B,GAEhBJ,8B,CAFgBI,6B;IAA+BC,yB,GAE/CL,8B,CAF+CK,yB;IAC/CC,sB,GACAN,8B,CADAM,sB;IAAwBC,gB,GACxBP,8B,CADwBO,gB;IAAkBC,mB,GAC1CR,8B,CAD0CQ,mB;IAAqBC,uB,GAC/DT,8B,CAD+DS,uB;IAG3DC,mB,GAIJC,8B,CAJID,mB;IAAqBE,gB,GAIzBD,8B,CAJyBC,gB;IAAkBC,a,GAI3CF,8B,CAJ2CE,a;IAAeC,S,GAI1DH,8B,CAJ0DG,S;IAAWC,U,GAIrEJ,8B,CAJqEI,U;IACrEC,kC,GAGAL,8B,CAHAK,kC;IAAoCC,0B,GAGpCN,8B,CAHoCM,0B;IACpCC,a,GAEAP,8B,CAFAO,a;IAAeC,qB,GAEfR,8B,CAFeQ,qB;IAAuBC,0B,GAEtCT,8B,CAFsCS,0B;IACtCC,kC,GACAV,8B,CADAU,kC;AAGJ7B,YAAY,CAAC8B,GAAb,CAAiB3B,sBAAjB;AAEAH,YAAY,CAAC+B,IAAb,CAAkB,aAAlB,EAAiCxB,WAAjC,EAA8CW,mBAA9C;AACAlB,YAAY,CAAC+B,IAAb,CAAkB,aAAlB,EAAiCtB,UAAjC,EAA6CW,gBAA7C;AACApB,YAAY,CAAC+B,IAAb,CAAkB,wBAAlB,EAA4C1B,WAA5C,EAAyDK,oBAAzD,EAA+EW,aAA/E;AACArB,YAAY,CAAC+B,IAAb,CAAkB,YAAlB,EAAgCxB,WAAhC,EAA6Ce,SAA7C;AACAtB,YAAY,CAAC+B,IAAb,CAAkB,UAAlB,EAA8BpB,cAA9B,EAA8CC,6BAA9C,EAA6EW,UAA7E;AACAvB,YAAY,CAAC+B,IAAb,CAAkB,oBAAlB,EAAwClB,yBAAxC,EAAmEC,sBAAnE,EAA2FU,kCAA3F;AACAxB,YAAY,CAAC+B,IAAb,CAAkB,kBAAlB,EAAsCpB,cAAtC,EAAsDC,6BAAtD,EAAqFa,0BAArF;AACAzB,YAAY,CAAC+B,IAAb,CAAkB,WAAlB,EAA+BhB,gBAA/B,EAAiDH,6BAAjD,EAAgFI,mBAAhF,EAAqGU,aAArG;AACA1B,YAAY,CAACgC,GAAb,CAAiB,UAAjB,EAA6BpB,6BAA7B,EAA4De,qBAA5D;AACA3B,YAAY,CAACgC,GAAb,CAAiB,sBAAjB,EAAyCpB,6BAAzC,EAAwEK,uBAAxE,EAAiGW,0BAAjG;AACA5B,YAAY,CAAC+B,IAAb,CAAkB,+BAAlB,EAAmDnB,6BAAnD,EAAkFK,uBAAlF,EAA2GY,kCAA3G;AACA7B,YAAY,CAAC+B,IAAb,CAAkB,gBAAlB,EAAoCnB,6BAApC;eAEeZ,Y","sourceRoot":"/Users/peculiarerhisohwode/Desktop/Enyata/Team Jupyter - Project/project-backend-generator/src/routes/","sourcesContent":["import express from 'express';\n\nimport { walletMiddlewares, authMiddlewares, userMiddlewares } from '../middlewares';\nimport { walletControllers } from '../controllers';\n\nconst walletRouter = express.Router();\n\nconst { authenticateLoginToken } = authMiddlewares;\nconst { validateOtp } = userMiddlewares;\n\nconst { validatePin, sendPinOTP, checkIfOTPHasExpired,\n    validateAmount, checkIfUserHasActivatedWallet, validateRecipientUsername,\n    checkIfRecipientExists, validateTransfer, checkIfPinIsCorrect, checkPageNumberAndLimit\n} = walletMiddlewares;\n\nconst { createWalletWithPin, updateResetToken, confirmPinOTP, changePin, fundWallet,\n    checkIfRecipientHasActivatedWallet, checkIfBalanceIsSufficient,\n    transferFunds, retrieveWalletBalance, retrieveTransactionHistory,\n    retrieveFilteredTransactionHistory,\n} = walletControllers;\n\nwalletRouter.use(authenticateLoginToken);\n\nwalletRouter.post('/create-pin', validatePin, createWalletWithPin);\nwalletRouter.post('/forgot-pin', sendPinOTP, updateResetToken);\nwalletRouter.post('/confirm-reset-pin-otp', validateOtp, checkIfOTPHasExpired, confirmPinOTP);\nwalletRouter.post('/reset-pin', validatePin, changePin);\nwalletRouter.post('/deposit', validateAmount, checkIfUserHasActivatedWallet, fundWallet);\nwalletRouter.post('/validate-receiver', validateRecipientUsername, checkIfRecipientExists, checkIfRecipientHasActivatedWallet);\nwalletRouter.post('/validate-amount', validateAmount, checkIfUserHasActivatedWallet, checkIfBalanceIsSufficient);\nwalletRouter.post('/transfer', validateTransfer, checkIfUserHasActivatedWallet, checkIfPinIsCorrect, transferFunds);\nwalletRouter.get('/balance', checkIfUserHasActivatedWallet, retrieveWalletBalance);\nwalletRouter.get('/transaction-history', checkIfUserHasActivatedWallet, checkPageNumberAndLimit, retrieveTransactionHistory);\nwalletRouter.post('/filtered-transaction-history', checkIfUserHasActivatedWallet, checkPageNumberAndLimit, retrieveFilteredTransactionHistory);\nwalletRouter.post('/search-amount', checkIfUserHasActivatedWallet, )\n\nexport default walletRouter;\n"]},"_coverageSchema":"1a1c01bbd47fc00a2c39e90264f33305004495a9","hash":"1909b0ded9030a81fa2129ce91902597a2f3d3ef","contentHash":"ee48fffe3c2f56a2a23981ccf798f8655498d891601e4566d93406921a4871df"}}