TN:
SF:db/setup.js
FNF:0
FNH:0
DA:1,1
DA:2,1
DA:3,1
DA:5,1
DA:9,1
DA:10,1
DA:11,1
DA:13,1
LF:8
LH:8
BRDA:10,0,0,1
BRDA:10,0,1,0
BRF:2
BRH:1
end_of_record
TN:
SF:db/queries/transaction.js
FNF:0
FNH:0
DA:1,1
DA:11,1
DA:24,1
DA:38,1
DA:50,1
LF:5
LH:5
BRF:0
BRH:0
end_of_record
TN:
SF:db/queries/user.js
FNF:0
FNH:0
DA:1,1
DA:6,1
DA:16,1
DA:32,1
DA:41,1
DA:49,1
DA:56,1
DA:63,1
LF:8
LH:8
BRF:0
BRH:0
end_of_record
TN:
SF:db/queries/wallet.js
FNF:0
FNH:0
DA:1,1
DA:9,1
DA:17,1
DA:22,1
DA:29,1
DA:37,1
DA:45,1
DA:52,1
LF:8
LH:8
BRF:0
BRH:0
end_of_record
TN:
SF:src/app.js
FN:18,(anonymous_0)
FN:25,(anonymous_1)
FN:30,(anonymous_2)
FNF:3
FNH:0
FNDA:0,(anonymous_0)
FNDA:0,(anonymous_1)
FNDA:0,(anonymous_2)
DA:1,1
DA:2,1
DA:3,1
DA:4,1
DA:5,1
DA:9,1
DA:10,1
DA:12,1
DA:13,1
DA:14,1
DA:15,1
DA:16,1
DA:18,1
DA:22,1
DA:25,1
DA:26,0
DA:30,1
DA:32,0
DA:33,0
DA:36,0
DA:37,0
DA:43,1
LF:22
LH:17
BRDA:33,0,0,0
BRDA:33,0,1,0
BRDA:36,1,0,0
BRDA:36,1,1,0
BRF:4
BRH:0
end_of_record
TN:
SF:src/bin/www.js
FN:17,normalizePort
FN:51,onError
FN:79,onListening
FN:89,(anonymous_3)
FNF:4
FNH:2
FNDA:1,normalizePort
FNDA:0,onError
FNDA:1,onListening
FNDA:0,(anonymous_3)
DA:2,1
DA:3,1
DA:9,1
DA:10,1
DA:11,1
DA:17,1
DA:18,1
DA:21,1
DA:23,0
DA:26,1
DA:28,1
DA:31,0
DA:38,1
DA:39,1
DA:45,1
DA:51,1
DA:52,0
DA:53,0
DA:56,0
DA:61,0
DA:63,0
DA:64,0
DA:65,0
DA:67,0
DA:68,0
DA:69,0
DA:71,0
DA:79,1
DA:80,1
DA:81,1
DA:84,1
DA:85,1
DA:90,0
DA:98,1
DA:99,1
DA:100,1
DA:102,1
LF:37
LH:23
BRDA:21,0,0,0
BRDA:21,0,1,1
BRDA:26,1,0,1
BRDA:26,1,1,0
BRDA:38,2,0,1
BRDA:38,2,1,1
BRDA:52,3,0,0
BRDA:52,3,1,0
BRDA:56,4,0,0
BRDA:56,4,1,0
BRDA:62,5,0,0
BRDA:62,5,1,0
BRDA:62,5,2,0
BRDA:81,6,0,0
BRDA:81,6,1,1
BRDA:90,7,0,0
BRDA:90,7,1,0
BRF:17
BRH:5
end_of_record
TN:
SF:src/controllers/index.js
FNF:0
FNH:0
DA:1,1
DA:3,1
LF:2
LH:2
BRF:0
BRH:0
end_of_record
TN:
SF:src/controllers/user.js
FN:15,(anonymous_5)
FN:15,_callee
FN:15,checkIfUsernameIsUnique
FN:39,(anonymous_9)
FN:39,_callee2
FN:39,registerUser
FN:65,(anonymous_13)
FN:65,_callee3
FN:65,updateConfirmationToken
FN:85,(anonymous_17)
FN:85,_callee4
FN:85,confirmUser
FN:109,(anonymous_21)
FN:109,_callee5
FN:109,loginUser
FN:140,(anonymous_25)
FN:140,_callee6
FN:140,sendPasswordResetLink
FN:159,(anonymous_29)
FN:159,_callee7
FN:159,changePassword
FN:176,(anonymous_33)
FN:176,_callee8
FN:176,retrieveUserProfile
FNF:24
FNH:10
FNDA:1,(anonymous_5)
FNDA:0,_callee
FNDA:0,checkIfUsernameIsUnique
FNDA:1,(anonymous_9)
FNDA:0,_callee2
FNDA:0,registerUser
FNDA:1,(anonymous_13)
FNDA:4,_callee3
FNDA:1,updateConfirmationToken
FNDA:1,(anonymous_17)
FNDA:0,_callee4
FNDA:0,confirmUser
FNDA:1,(anonymous_21)
FNDA:0,_callee5
FNDA:0,loginUser
FNDA:1,(anonymous_25)
FNDA:0,_callee6
FNDA:0,sendPasswordResetLink
FNDA:1,(anonymous_29)
FNDA:0,_callee7
FNDA:0,changePassword
FNDA:1,(anonymous_33)
FNDA:0,_callee8
FNDA:0,retrieveUserProfile
DA:1,1
DA:2,1
DA:3,1
DA:4,1
DA:6,1
DA:9,1
DA:13,1
DA:15,3
DA:17,0
DA:18,0
DA:31,0
DA:39,3
DA:41,0
DA:42,0
DA:43,0
DA:49,0
DA:50,0
DA:57,0
DA:65,12
DA:67,1
DA:68,1
DA:69,1
DA:70,1
DA:77,0
DA:85,3
DA:89,0
DA:101,0
DA:109,3
DA:112,0
DA:114,0
DA:132,0
DA:140,3
DA:151,0
DA:159,3
DA:161,0
DA:168,0
DA:176,3
DA:178,0
DA:179,0
DA:180,0
DA:187,0
LF:41
LH:19
BRDA:15,0,0,0
BRDA:15,0,1,0
BRDA:15,0,2,0
BRDA:15,0,3,0
BRDA:15,0,4,0
BRDA:15,0,5,0
BRDA:15,0,6,0
BRDA:15,1,0,0
BRDA:15,1,1,0
BRDA:39,2,0,0
BRDA:39,2,1,0
BRDA:39,2,2,0
BRDA:39,2,3,0
BRDA:39,2,4,0
BRDA:54,3,0,0
BRDA:54,3,1,0
BRDA:65,4,0,1
BRDA:65,4,1,1
BRDA:65,4,2,0
BRDA:65,4,3,0
BRDA:65,4,4,1
BRDA:74,5,0,1
BRDA:74,5,1,0
BRDA:85,6,0,0
BRDA:85,6,1,0
BRDA:85,6,2,0
BRDA:85,6,3,0
BRDA:85,6,4,0
BRDA:85,6,5,0
BRDA:85,7,0,0
BRDA:85,7,1,0
BRDA:109,8,0,0
BRDA:109,8,1,0
BRDA:109,8,2,0
BRDA:109,8,3,0
BRDA:109,8,4,0
BRDA:109,8,5,0
BRDA:109,8,6,0
BRDA:109,8,7,0
BRDA:109,9,0,0
BRDA:109,9,1,0
BRDA:113,10,0,0
BRDA:113,10,1,0
BRDA:113,10,2,0
BRDA:118,11,0,0
BRDA:118,11,1,0
BRDA:120,12,0,0
BRDA:120,12,1,0
BRDA:140,13,0,0
BRDA:140,13,1,0
BRDA:140,13,2,0
BRDA:140,13,3,0
BRDA:140,13,4,0
BRDA:140,13,5,0
BRDA:148,14,0,0
BRDA:148,14,1,0
BRDA:159,15,0,0
BRDA:159,15,1,0
BRDA:159,15,2,0
BRDA:159,15,3,0
BRDA:159,15,4,0
BRDA:176,16,0,0
BRDA:176,16,1,0
BRDA:176,16,2,0
BRDA:176,16,3,0
BRDA:176,16,4,0
BRF:66
BRH:4
end_of_record
TN:
SF:src/controllers/wallet.js
FN:10,(anonymous_5)
FN:10,_callee
FN:10,createWalletWithPin
FN:30,(anonymous_9)
FN:30,_callee2
FN:30,updateResetToken
FN:46,(anonymous_13)
FN:46,_callee3
FN:46,confirmPinOTP
FN:68,(anonymous_17)
FN:68,_callee4
FN:68,changePin
FN:93,(anonymous_21)
FN:93,_callee5
FN:93,fundWallet
FN:111,(anonymous_25)
FN:111,_callee6
FN:111,checkIfRecipientHasActivatedWallet
FN:135,(anonymous_29)
FN:135,_callee7
FN:135,checkIfBalanceIsSufficient
FN:159,(anonymous_33)
FN:159,_callee8
FN:165,(anonymous_36)
FN:159,transferFunds
FN:188,(anonymous_38)
FN:188,_callee9
FN:188,retrieveWalletBalance
FN:205,(anonymous_42)
FN:205,_callee10
FN:208,(anonymous_45)
FN:205,retrieveTransactionHistory
FN:225,(anonymous_47)
FN:225,_callee11
FN:229,(anonymous_50)
FN:225,retrieveFilteredTransactionHistory
FNF:36
FNH:11
FNDA:1,(anonymous_5)
FNDA:0,_callee
FNDA:0,createWalletWithPin
FNDA:1,(anonymous_9)
FNDA:0,_callee2
FNDA:0,updateResetToken
FNDA:1,(anonymous_13)
FNDA:0,_callee3
FNDA:0,confirmPinOTP
FNDA:1,(anonymous_17)
FNDA:0,_callee4
FNDA:0,changePin
FNDA:1,(anonymous_21)
FNDA:0,_callee5
FNDA:0,fundWallet
FNDA:1,(anonymous_25)
FNDA:0,_callee6
FNDA:0,checkIfRecipientHasActivatedWallet
FNDA:1,(anonymous_29)
FNDA:0,_callee7
FNDA:0,checkIfBalanceIsSufficient
FNDA:1,(anonymous_33)
FNDA:0,_callee8
FNDA:0,(anonymous_36)
FNDA:0,transferFunds
FNDA:1,(anonymous_38)
FNDA:0,_callee9
FNDA:0,retrieveWalletBalance
FNDA:1,(anonymous_42)
FNDA:0,_callee10
FNDA:0,(anonymous_45)
FNDA:0,retrieveTransactionHistory
FNDA:1,(anonymous_47)
FNDA:0,_callee11
FNDA:0,(anonymous_50)
FNDA:0,retrieveFilteredTransactionHistory
DA:1,1
DA:2,1
DA:5,1
DA:8,1
DA:10,3
DA:12,0
DA:13,0
DA:14,0
DA:15,0
DA:22,0
DA:30,3
DA:38,0
DA:46,3
DA:60,0
DA:68,3
DA:70,0
DA:72,0
DA:85,0
DA:93,3
DA:95,0
DA:96,0
DA:103,0
DA:111,3
DA:114,0
DA:115,0
DA:127,0
DA:135,3
DA:137,0
DA:159,3
DA:161,0
DA:162,0
DA:163,0
DA:164,0
DA:165,0
DA:166,0
DA:168,0
DA:170,0
DA:172,0
DA:180,0
DA:188,3
DA:190,0
DA:197,0
DA:205,3
DA:207,0
DA:208,0
DA:209,0
DA:217,0
DA:225,3
DA:227,0
DA:228,0
DA:229,0
DA:230,0
DA:238,0
LF:53
LH:15
BRDA:10,0,0,0
BRDA:10,0,1,0
BRDA:10,0,2,0
BRDA:10,0,3,0
BRDA:10,0,4,0
BRDA:30,1,0,0
BRDA:30,1,1,0
BRDA:30,1,2,0
BRDA:30,1,3,0
BRDA:30,1,4,0
BRDA:46,2,0,0
BRDA:46,2,1,0
BRDA:46,2,2,0
BRDA:46,2,3,0
BRDA:46,2,4,0
BRDA:46,2,5,0
BRDA:46,3,0,0
BRDA:46,3,1,0
BRDA:68,4,0,0
BRDA:68,4,1,0
BRDA:68,4,2,0
BRDA:68,4,3,0
BRDA:68,4,4,0
BRDA:68,4,5,0
BRDA:68,4,6,0
BRDA:68,4,7,0
BRDA:68,5,0,0
BRDA:68,5,1,0
BRDA:93,6,0,0
BRDA:93,6,1,0
BRDA:93,6,2,0
BRDA:93,6,3,0
BRDA:93,6,4,0
BRDA:111,7,0,0
BRDA:111,7,1,0
BRDA:111,7,2,0
BRDA:111,7,3,0
BRDA:111,7,4,0
BRDA:111,7,5,0
BRDA:111,8,0,0
BRDA:111,8,1,0
BRDA:135,9,0,0
BRDA:135,9,1,0
BRDA:135,9,2,0
BRDA:135,9,3,0
BRDA:135,9,4,0
BRDA:135,9,5,0
BRDA:135,10,0,0
BRDA:135,10,1,0
BRDA:159,11,0,0
BRDA:159,11,1,0
BRDA:159,11,2,0
BRDA:159,11,3,0
BRDA:159,11,4,0
BRDA:166,12,0,0
BRDA:166,12,1,0
BRDA:188,13,0,0
BRDA:188,13,1,0
BRDA:188,13,2,0
BRDA:188,13,3,0
BRDA:205,14,0,0
BRDA:205,14,1,0
BRDA:205,14,2,0
BRDA:205,14,3,0
BRDA:205,14,4,0
BRDA:225,15,0,0
BRDA:225,15,1,0
BRDA:225,15,2,0
BRDA:225,15,3,0
BRDA:225,15,4,0
BRF:70
BRH:0
end_of_record
TN:
SF:src/middlewares/auth.js
FN:7,(anonymous_0)
FN:7,_callee
FN:7,authenticateOtpToken
FN:36,(anonymous_4)
FN:36,_callee2
FN:36,authenticatePasswordToken
FN:66,authenticateLoginToken
FNF:7
FNH:2
FNDA:1,(anonymous_0)
FNDA:0,_callee
FNDA:0,authenticateOtpToken
FNDA:1,(anonymous_4)
FNDA:0,_callee2
FNDA:0,authenticatePasswordToken
FNDA:0,authenticateLoginToken
DA:1,1
DA:2,1
DA:4,1
DA:5,1
DA:7,3
DA:9,0
DA:10,0
DA:17,0
DA:18,0
DA:24,0
DA:28,0
DA:36,3
DA:38,0
DA:39,0
DA:42,0
DA:47,0
DA:48,0
DA:54,0
DA:58,0
DA:66,1
DA:67,0
DA:68,0
DA:69,0
DA:70,0
DA:71,0
DA:72,0
DA:73,0
DA:77,0
DA:78,0
DA:80,0
DA:81,0
LF:31
LH:7
BRDA:7,0,0,0
BRDA:7,0,1,0
BRDA:7,0,2,0
BRDA:7,0,3,0
BRDA:7,0,4,0
BRDA:7,0,5,0
BRDA:7,0,6,0
BRDA:7,0,7,0
BRDA:7,1,0,0
BRDA:7,1,1,0
BRDA:36,2,0,0
BRDA:36,2,1,0
BRDA:36,2,2,0
BRDA:36,2,3,0
BRDA:36,2,4,0
BRDA:36,2,5,0
BRDA:36,2,6,0
BRDA:36,2,7,0
BRDA:36,3,0,0
BRDA:36,3,1,0
BRDA:71,4,0,0
BRDA:71,4,1,0
BRF:22
BRH:0
end_of_record
TN:
SF:src/middlewares/index.js
FNF:0
FNH:0
DA:1,1
DA:3,1
DA:5,1
LF:3
LH:3
BRF:0
BRH:0
end_of_record
TN:
SF:src/middlewares/user.js
FN:11,(anonymous_0)
FN:11,_callee
FN:11,validateUsername
FN:23,(anonymous_4)
FN:23,_callee2
FN:23,validateSignUp
FN:35,(anonymous_8)
FN:35,_callee3
FN:35,checkIfUserAlreadyExists
FN:55,(anonymous_12)
FN:55,_callee4
FN:55,sendOtp
FN:72,(anonymous_16)
FN:72,_callee5
FN:72,validateEmail
FN:85,(anonymous_20)
FN:85,_callee6
FN:85,checkIfEmailExists
FN:106,(anonymous_24)
FN:106,_callee7
FN:106,createTokenForPassword
FN:120,(anonymous_28)
FN:120,_callee8
FN:120,validateOtp
FN:133,(anonymous_32)
FN:133,_callee9
FN:133,validateLogin
FN:146,(anonymous_36)
FN:146,_callee10
FN:146,validatePassword
FNF:30
FNH:16
FNDA:1,(anonymous_0)
FNDA:0,_callee
FNDA:0,validateUsername
FNDA:1,(anonymous_4)
FNDA:0,_callee2
FNDA:0,validateSignUp
FNDA:1,(anonymous_8)
FNDA:0,_callee3
FNDA:0,checkIfUserAlreadyExists
FNDA:1,(anonymous_12)
FNDA:4,_callee4
FNDA:1,sendOtp
FNDA:1,(anonymous_16)
FNDA:4,_callee5
FNDA:1,validateEmail
FNDA:1,(anonymous_20)
FNDA:4,_callee6
FNDA:1,checkIfEmailExists
FNDA:1,(anonymous_24)
FNDA:0,_callee7
FNDA:0,createTokenForPassword
FNDA:1,(anonymous_28)
FNDA:0,_callee8
FNDA:0,validateOtp
FNDA:1,(anonymous_32)
FNDA:0,_callee9
FNDA:0,validateLogin
FNDA:1,(anonymous_36)
FNDA:0,_callee10
FNDA:0,validatePassword
DA:1,1
DA:2,1
DA:3,1
DA:6,1
DA:8,1
DA:9,1
DA:11,3
DA:23,3
DA:35,3
DA:37,0
DA:47,0
DA:55,12
DA:57,1
DA:58,1
DA:59,1
DA:61,1
DA:64,0
DA:72,12
DA:77,0
DA:85,13
DA:87,1
DA:89,1
DA:98,0
DA:106,3
DA:108,0
DA:109,0
DA:112,0
DA:120,3
DA:125,0
DA:133,3
DA:138,0
DA:146,3
DA:151,0
LF:33
LH:22
BRDA:11,0,0,0
BRDA:11,0,1,0
BRDA:11,0,2,0
BRDA:11,0,3,0
BRDA:11,0,4,0
BRDA:23,1,0,0
BRDA:23,1,1,0
BRDA:23,1,2,0
BRDA:23,1,3,0
BRDA:23,1,4,0
BRDA:35,2,0,0
BRDA:35,2,1,0
BRDA:35,2,2,0
BRDA:35,2,3,0
BRDA:35,2,4,0
BRDA:35,2,5,0
BRDA:35,2,6,0
BRDA:35,3,0,0
BRDA:35,3,1,0
BRDA:55,4,0,1
BRDA:55,4,1,1
BRDA:55,4,2,0
BRDA:55,4,3,0
BRDA:55,4,4,1
BRDA:57,5,0,0
BRDA:57,5,1,1
BRDA:72,6,0,1
BRDA:72,6,1,1
BRDA:72,6,2,0
BRDA:72,6,3,0
BRDA:72,6,4,1
BRDA:85,7,0,1
BRDA:85,7,1,1
BRDA:85,7,2,0
BRDA:85,7,3,0
BRDA:85,7,4,0
BRDA:85,7,5,0
BRDA:85,7,6,1
BRDA:85,8,0,0
BRDA:85,8,1,1
BRDA:106,9,0,0
BRDA:106,9,1,0
BRDA:106,9,2,0
BRDA:106,9,3,0
BRDA:120,10,0,0
BRDA:120,10,1,0
BRDA:120,10,2,0
BRDA:120,10,3,0
BRDA:120,10,4,0
BRDA:133,11,0,0
BRDA:133,11,1,0
BRDA:133,11,2,0
BRDA:133,11,3,0
BRDA:133,11,4,0
BRDA:146,12,0,0
BRDA:146,12,1,0
BRDA:146,12,2,0
BRDA:146,12,3,0
BRDA:146,12,4,0
BRF:59
BRH:11
end_of_record
TN:
SF:src/middlewares/wallet.js
FN:11,(anonymous_0)
FN:11,_callee
FN:11,validatePin
FN:23,(anonymous_4)
FN:23,_callee2
FN:23,sendPinOTP
FN:40,(anonymous_8)
FN:40,_callee3
FN:40,checkIfOTPHasExpired
FN:61,(anonymous_12)
FN:61,_callee4
FN:61,validateAmount
FN:74,(anonymous_16)
FN:74,_callee5
FN:74,checkIfUserHasActivatedWallet
FN:94,(anonymous_20)
FN:94,_callee6
FN:94,validateRecipientUsername
FN:107,(anonymous_24)
FN:107,_callee7
FN:107,checkIfRecipientExists
FN:129,(anonymous_28)
FN:129,_callee8
FN:129,validateTransfer
FN:142,(anonymous_32)
FN:142,_callee9
FN:142,checkIfPinIsCorrect
FN:162,(anonymous_36)
FN:162,_callee10
FN:162,checkPageNumberAndLimit
FNF:30
FNH:10
FNDA:1,(anonymous_0)
FNDA:0,_callee
FNDA:0,validatePin
FNDA:1,(anonymous_4)
FNDA:0,_callee2
FNDA:0,sendPinOTP
FNDA:1,(anonymous_8)
FNDA:0,_callee3
FNDA:0,checkIfOTPHasExpired
FNDA:1,(anonymous_12)
FNDA:0,_callee4
FNDA:0,validateAmount
FNDA:1,(anonymous_16)
FNDA:0,_callee5
FNDA:0,checkIfUserHasActivatedWallet
FNDA:1,(anonymous_20)
FNDA:0,_callee6
FNDA:0,validateRecipientUsername
FNDA:1,(anonymous_24)
FNDA:0,_callee7
FNDA:0,checkIfRecipientExists
FNDA:1,(anonymous_28)
FNDA:0,_callee8
FNDA:0,validateTransfer
FNDA:1,(anonymous_32)
FNDA:0,_callee9
FNDA:0,checkIfPinIsCorrect
FNDA:1,(anonymous_36)
FNDA:0,_callee10
FNDA:0,checkPageNumberAndLimit
DA:1,1
DA:2,1
DA:3,1
DA:6,1
DA:7,1
DA:8,1
DA:9,1
DA:11,3
DA:23,3
DA:26,0
DA:27,0
DA:29,0
DA:32,0
DA:40,3
DA:42,0
DA:50,0
DA:53,0
DA:61,3
DA:66,0
DA:74,3
DA:76,0
DA:78,0
DA:86,0
DA:94,3
DA:99,0
DA:107,3
DA:109,0
DA:110,0
DA:112,0
DA:121,0
DA:129,3
DA:134,0
DA:142,3
DA:144,0
DA:154,0
DA:162,3
DA:164,0
DA:165,0
DA:166,0
DA:167,0
DA:170,0
LF:41
LH:17
BRDA:11,0,0,0
BRDA:11,0,1,0
BRDA:11,0,2,0
BRDA:11,0,3,0
BRDA:11,0,4,0
BRDA:23,1,0,0
BRDA:23,1,1,0
BRDA:23,1,2,0
BRDA:23,1,3,0
BRDA:23,1,4,0
BRDA:40,2,0,0
BRDA:40,2,1,0
BRDA:40,2,2,0
BRDA:40,2,3,0
BRDA:40,2,4,0
BRDA:40,2,5,0
BRDA:40,3,0,0
BRDA:40,3,1,0
BRDA:61,4,0,0
BRDA:61,4,1,0
BRDA:61,4,2,0
BRDA:61,4,3,0
BRDA:61,4,4,0
BRDA:74,5,0,0
BRDA:74,5,1,0
BRDA:74,5,2,0
BRDA:74,5,3,0
BRDA:74,5,4,0
BRDA:74,5,5,0
BRDA:74,6,0,0
BRDA:74,6,1,0
BRDA:94,7,0,0
BRDA:94,7,1,0
BRDA:94,7,2,0
BRDA:94,7,3,0
BRDA:94,7,4,0
BRDA:107,8,0,0
BRDA:107,8,1,0
BRDA:107,8,2,0
BRDA:107,8,3,0
BRDA:107,8,4,0
BRDA:107,8,5,0
BRDA:107,8,6,0
BRDA:107,9,0,0
BRDA:107,9,1,0
BRDA:129,10,0,0
BRDA:129,10,1,0
BRDA:129,10,2,0
BRDA:129,10,3,0
BRDA:129,10,4,0
BRDA:142,11,0,0
BRDA:142,11,1,0
BRDA:142,11,2,0
BRDA:142,11,3,0
BRDA:142,11,4,0
BRDA:142,11,5,0
BRDA:142,12,0,0
BRDA:142,12,1,0
BRDA:162,13,0,0
BRDA:162,13,1,0
BRDA:162,13,2,0
BRDA:162,13,3,0
BRDA:164,14,0,0
BRDA:164,14,1,0
BRDA:165,15,0,0
BRDA:165,15,1,0
BRF:66
BRH:0
end_of_record
TN:
SF:src/routes/index.js
FNF:0
FNH:0
DA:1,1
DA:3,1
DA:4,1
DA:12,1
DA:14,1
DA:15,1
DA:17,1
LF:7
LH:7
BRF:0
BRH:0
end_of_record
TN:
SF:src/routes/user.js
FNF:0
FNH:0
DA:1,1
DA:3,1
DA:4,1
DA:6,1
DA:11,1
DA:14,1
DA:18,1
DA:20,1
DA:21,1
DA:22,1
DA:23,1
DA:24,1
DA:25,1
DA:26,1
DA:27,1
DA:29,1
LF:16
LH:16
BRF:0
BRH:0
end_of_record
TN:
SF:src/routes/wallet.js
FNF:0
FNH:0
DA:1,1
DA:3,1
DA:4,1
DA:6,1
DA:8,1
DA:9,1
DA:14,1
DA:20,1
DA:22,1
DA:24,1
DA:25,1
DA:26,1
DA:27,1
DA:28,1
DA:29,1
DA:30,1
DA:31,1
DA:32,1
DA:33,1
DA:34,1
DA:35,1
DA:37,1
LF:22
LH:22
BRF:0
BRH:0
end_of_record
TN:
SF:src/services/index.js
FNF:0
FNH:0
DA:1,1
DA:3,1
DA:5,1
LF:3
LH:3
BRF:0
BRH:0
end_of_record
TN:
SF:src/services/transaction.js
FN:11,(anonymous_0)
FN:11,_callee
FN:11,addSingleTransaction
FN:17,(anonymous_4)
FN:17,_callee2
FN:17,addMultipleTransactions
FN:25,(anonymous_8)
FN:25,_callee3
FN:25,addOrUpdateTransactionHistory
FN:32,(anonymous_12)
FN:32,_callee4
FN:32,getHistoryArrayByUserId
FN:38,(anonymous_16)
FN:38,_callee5
FN:38,getFilteredHistoryArrayByUserId
FNF:15
FNH:5
FNDA:1,(anonymous_0)
FNDA:0,_callee
FNDA:0,addSingleTransaction
FNDA:1,(anonymous_4)
FNDA:0,_callee2
FNDA:0,addMultipleTransactions
FNDA:1,(anonymous_8)
FNDA:0,_callee3
FNDA:0,addOrUpdateTransactionHistory
FNDA:1,(anonymous_12)
FNDA:0,_callee4
FNDA:0,getHistoryArrayByUserId
FNDA:1,(anonymous_16)
FNDA:0,_callee5
FNDA:0,getFilteredHistoryArrayByUserId
DA:1,1
DA:2,1
DA:7,1
DA:9,1
DA:11,3
DA:12,0
DA:13,0
DA:17,3
DA:18,0
DA:19,0
DA:20,0
DA:25,3
DA:26,0
DA:27,0
DA:32,3
DA:33,0
DA:34,0
DA:38,3
DA:39,0
DA:40,0
DA:41,0
LF:21
LH:9
BRDA:11,0,0,0
BRDA:11,0,1,0
BRDA:11,0,2,0
BRDA:17,1,0,0
BRDA:17,1,1,0
BRDA:17,1,2,0
BRDA:25,2,0,0
BRDA:25,2,1,0
BRDA:25,2,2,0
BRDA:32,3,0,0
BRDA:32,3,1,0
BRDA:32,3,2,0
BRDA:38,4,0,0
BRDA:38,4,1,0
BRDA:38,4,2,0
BRF:15
BRH:0
end_of_record
TN:
SF:src/services/user.js
FN:9,(anonymous_0)
FN:9,_callee
FN:9,getSingleUserByUsername
FN:11,(anonymous_4)
FN:11,_callee2
FN:11,getSingleUserByEmail
FN:13,(anonymous_8)
FN:13,_callee3
FN:13,addNewUser
FN:24,(anonymous_12)
FN:24,_callee4
FN:24,updateOtpHash
FN:29,(anonymous_16)
FN:29,_callee5
FN:29,updateUserVerificationStatus
FN:31,(anonymous_20)
FN:31,_callee6
FN:31,updatePasswordResetToken
FN:33,(anonymous_24)
FN:33,_callee7
FN:33,updatePassword
FN:35,(anonymous_28)
FN:35,_callee8
FN:35,getUserProfile
FNF:24
FNH:12
FNDA:1,(anonymous_0)
FNDA:0,_callee
FNDA:0,getSingleUserByUsername
FNDA:1,(anonymous_4)
FNDA:3,_callee2
FNDA:1,getSingleUserByEmail
FNDA:1,(anonymous_8)
FNDA:0,_callee3
FNDA:0,addNewUser
FNDA:1,(anonymous_12)
FNDA:3,_callee4
FNDA:1,updateOtpHash
FNDA:1,(anonymous_16)
FNDA:0,_callee5
FNDA:0,updateUserVerificationStatus
FNDA:1,(anonymous_20)
FNDA:0,_callee6
FNDA:0,updatePasswordResetToken
FNDA:1,(anonymous_24)
FNDA:0,_callee7
FNDA:0,updatePassword
FNDA:1,(anonymous_28)
FNDA:0,_callee8
FNDA:0,getUserProfile
DA:1,1
DA:2,1
DA:5,1
DA:7,1
DA:9,3
DA:11,7
DA:13,3
DA:14,0
DA:16,0
DA:18,0
DA:24,7
DA:25,1
DA:29,3
DA:31,3
DA:33,3
DA:35,3
LF:16
LH:13
BRDA:9,0,0,0
BRDA:9,0,1,0
BRDA:9,0,2,0
BRDA:11,1,0,1
BRDA:11,1,1,0
BRDA:11,1,2,1
BRDA:13,2,0,0
BRDA:13,2,1,0
BRDA:13,2,2,0
BRDA:24,3,0,1
BRDA:24,3,1,0
BRDA:24,3,2,1
BRDA:29,4,0,0
BRDA:29,4,1,0
BRDA:29,4,2,0
BRDA:31,5,0,0
BRDA:31,5,1,0
BRDA:31,5,2,0
BRDA:33,6,0,0
BRDA:33,6,1,0
BRDA:33,6,2,0
BRDA:35,7,0,0
BRDA:35,7,1,0
BRDA:35,7,2,0
BRF:24
BRH:4
end_of_record
TN:
SF:src/services/wallet.js
FN:13,(anonymous_0)
FN:13,_callee
FN:13,addWalletDetails
FN:19,(anonymous_4)
FN:19,_callee2
FN:19,updatePinResetToken
FN:21,(anonymous_8)
FN:21,_callee3
FN:21,retrieveWalletByUserId
FN:23,(anonymous_12)
FN:23,_callee4
FN:23,updatePinResetStatus
FN:25,(anonymous_16)
FN:25,_callee5
FN:25,updatePin
FN:27,(anonymous_20)
FN:27,_callee6
FN:27,updateBalanceAfterDeposit
FN:65,roundingUpCurrency
FN:70,(anonymous_25)
FN:70,_callee7
FN:70,retrieveBalanceFromUsername
FN:72,getTransactionIds
FN:75,(anonymous_30)
FN:87,(anonymous_31)
FN:87,_callee8
FN:87,updateBalanceAfterTransfer
FNF:27
FNH:8
FNDA:1,(anonymous_0)
FNDA:0,_callee
FNDA:0,addWalletDetails
FNDA:1,(anonymous_4)
FNDA:0,_callee2
FNDA:0,updatePinResetToken
FNDA:1,(anonymous_8)
FNDA:0,_callee3
FNDA:0,retrieveWalletByUserId
FNDA:1,(anonymous_12)
FNDA:0,_callee4
FNDA:0,updatePinResetStatus
FNDA:1,(anonymous_16)
FNDA:0,_callee5
FNDA:0,updatePin
FNDA:1,(anonymous_20)
FNDA:0,_callee6
FNDA:0,updateBalanceAfterDeposit
FNDA:0,roundingUpCurrency
FNDA:1,(anonymous_25)
FNDA:0,_callee7
FNDA:0,retrieveBalanceFromUsername
FNDA:0,getTransactionIds
FNDA:0,(anonymous_30)
FNDA:1,(anonymous_31)
FNDA:0,_callee8
FNDA:0,updateBalanceAfterTransfer
DA:1,1
DA:2,1
DA:6,1
DA:8,1
DA:11,1
DA:13,3
DA:14,0
DA:15,0
DA:19,3
DA:21,3
DA:23,3
DA:25,3
DA:27,3
DA:28,0
DA:29,0
DA:30,0
DA:31,0
DA:32,0
DA:65,1
DA:66,0
DA:67,0
DA:70,3
DA:72,1
DA:73,0
DA:74,0
DA:75,0
DA:76,0
DA:77,0
DA:78,0
DA:80,0
DA:81,0
DA:84,0
DA:87,3
DA:88,0
DA:89,0
DA:90,0
DA:91,0
DA:92,0
DA:94,0
DA:96,0
DA:97,0
DA:98,0
DA:99,0
LF:43
LH:15
BRDA:13,0,0,0
BRDA:13,0,1,0
BRDA:13,0,2,0
BRDA:19,1,0,0
BRDA:19,1,1,0
BRDA:19,1,2,0
BRDA:21,2,0,0
BRDA:21,2,1,0
BRDA:21,2,2,0
BRDA:23,3,0,0
BRDA:23,3,1,0
BRDA:23,3,2,0
BRDA:25,4,0,0
BRDA:25,4,1,0
BRDA:25,4,2,0
BRDA:27,5,0,0
BRDA:27,5,1,0
BRDA:27,5,2,0
BRDA:27,5,3,0
BRDA:27,5,4,0
BRDA:27,5,5,0
BRDA:70,6,0,0
BRDA:70,6,1,0
BRDA:70,6,2,0
BRDA:76,7,0,0
BRDA:76,7,1,0
BRDA:87,8,0,0
BRDA:87,8,1,0
BRDA:87,8,2,0
BRDA:87,8,3,0
BRDA:87,8,4,0
BRDA:87,8,5,0
BRDA:87,8,6,0
BRDA:87,8,7,0
BRF:34
BRH:0
end_of_record
TN:
SF:src/utils/helpers.js
FN:15,hashInput
FN:17,generateUUID
FN:19,generateOTP
FN:26,generateTokenForOtp
FN:28,decodeToken
FN:28,(anonymous_5)
FN:30,verifyInput
FN:32,generateTokenForPassword
FN:34,generateTokenForLogin
FN:36,emailMessageForOTP
FN:56,emailMessageForLink
FN:78,(anonymous_11)
FN:78,_callee
FN:83,(anonymous_14)
FN:85,(anonymous_15)
FN:78,sendOtpEmail
FN:90,(anonymous_17)
FN:90,_callee2
FN:95,(anonymous_20)
FN:97,(anonymous_21)
FN:90,sendLinkEmail
FNF:21
FNH:9
FNDA:1,hashInput
FNDA:0,generateUUID
FNDA:1,generateOTP
FNDA:1,generateTokenForOtp
FNDA:0,decodeToken
FNDA:0,(anonymous_5)
FNDA:0,verifyInput
FNDA:0,generateTokenForPassword
FNDA:0,generateTokenForLogin
FNDA:1,emailMessageForOTP
FNDA:0,emailMessageForLink
FNDA:1,(anonymous_11)
FNDA:3,_callee
FNDA:1,(anonymous_14)
FNDA:0,(anonymous_15)
FNDA:1,sendOtpEmail
FNDA:1,(anonymous_17)
FNDA:0,_callee2
FNDA:0,(anonymous_20)
FNDA:0,(anonymous_21)
FNDA:0,sendLinkEmail
DA:1,1
DA:2,1
DA:3,1
DA:4,1
DA:5,1
DA:6,1
DA:8,1
DA:10,1
DA:11,1
DA:12,1
DA:13,1
DA:15,2
DA:17,1
DA:19,2
DA:26,2
DA:28,1
DA:30,1
DA:32,1
DA:34,1
DA:36,1
DA:37,1
DA:38,1
DA:53,1
DA:56,1
DA:57,0
DA:75,0
DA:78,8
DA:79,1
DA:80,1
DA:84,1
DA:86,0
DA:90,3
DA:91,0
DA:92,0
DA:96,0
DA:98,0
LF:36
LH:29
BRDA:37,0,0,1
BRDA:37,0,1,0
BRDA:41,1,0,1
BRDA:41,1,1,0
BRDA:43,2,0,1
BRDA:43,2,1,0
BRDA:48,3,0,1
BRDA:48,3,1,0
BRDA:78,4,0,1
BRDA:78,4,1,1
BRDA:78,4,2,1
BRDA:90,5,0,0
BRDA:90,5,1,0
BRDA:90,5,2,0
BRF:14
BRH:7
end_of_record
TN:
SF:src/utils/index.js
FNF:0
FNH:0
DA:1,1
DA:3,1
LF:2
LH:2
BRF:0
BRH:0
end_of_record
TN:
SF:src/validations/index.js
FNF:0
FNH:0
DA:1,1
DA:3,1
LF:2
LH:2
BRF:0
BRH:0
end_of_record
TN:
SF:src/validations/user.js
FNF:0
FNH:0
DA:1,1
DA:3,1
DA:7,1
DA:17,1
DA:21,1
DA:25,1
DA:30,1
LF:7
LH:7
BRF:0
BRH:0
end_of_record
TN:
SF:src/validations/wallet.js
FNF:0
FNH:0
DA:1,1
DA:3,1
DA:7,1
DA:12,1
DA:16,1
LF:5
LH:5
BRF:0
BRH:0
end_of_record
